{"numFailedTestSuites":0,"numFailedTests":0,"numPassedTestSuites":53,"numPassedTests":330,"numPendingTestSuites":0,"numPendingTests":0,"numRuntimeErrorTestSuites":0,"numTodoTests":0,"numTotalTestSuites":53,"numTotalTests":330,"openHandles":[],"snapshot":{"added":0,"didUpdate":false,"failure":false,"filesAdded":0,"filesRemoved":0,"filesUnmatched":0,"filesUpdated":0,"matched":0,"total":0,"unchecked":0,"uncheckedKeysByFile":[],"unmatched":0,"updated":0},"startTime":1562571719434,"success":true,"testResults":[{"assertionResults":[{"ancestorTitles":["<MetaDataItem />"],"failureMessages":[],"fullName":"<MetaDataItem /> Should be able to render","location":null,"status":"passed","title":"Should be able to render"},{"ancestorTitles":["<MetaDataItem />"],"failureMessages":[],"fullName":"<MetaDataItem /> Should set the correct className","location":null,"status":"passed","title":"Should set the correct className"},{"ancestorTitles":["<MetaDataItem />"],"failureMessages":[],"fullName":"<MetaDataItem /> Should set the correct className with each category","location":null,"status":"passed","title":"Should set the correct className with each category"},{"ancestorTitles":["<MetaDataItem />"],"failureMessages":[],"fullName":"<MetaDataItem /> Should set the correct className when spaced is passed","location":null,"status":"passed","title":"Should set the correct className when spaced is passed"},{"ancestorTitles":["<MetaDataItem />"],"failureMessages":[],"fullName":"<MetaDataItem /> Should correctly pass children","location":null,"status":"passed","title":"Should correctly pass children"}],"endTime":1562571723388,"message":"","name":"/Users/benjaminnaesen/Vault/avo2-components/src/components/MetaData/MetaData.test.tsx","startTime":1562571720894,"status":"passed","summary":""},{"assertionResults":[{"ancestorTitles":["<Pagination />"],"failureMessages":[],"fullName":"<Pagination /> Should be able to render","location":null,"status":"passed","title":"Should be able to render"},{"ancestorTitles":["<Pagination />"],"failureMessages":[],"fullName":"<Pagination /> Should set the correct className","location":null,"status":"passed","title":"Should set the correct className"},{"ancestorTitles":["<Pagination />"],"failureMessages":[],"fullName":"<Pagination /> Should render pages equal to the `displayCount`","location":null,"status":"passed","title":"Should render pages equal to the `displayCount`"},{"ancestorTitles":["<Pagination />"],"failureMessages":[],"fullName":"<Pagination /> Should render pages equal to the `pageCount` if it is less than the `displayCount`","location":null,"status":"passed","title":"Should render pages equal to the `pageCount` if it is less than the `displayCount`"},{"ancestorTitles":["<Pagination />"],"failureMessages":[],"fullName":"<Pagination /> Should render the current page in an active state","location":null,"status":"passed","title":"Should render the current page in an active state"},{"ancestorTitles":["<Pagination />"],"failureMessages":[],"fullName":"<Pagination /> Should correctly set the `currentPage`","location":null,"status":"passed","title":"Should correctly set the `currentPage`"},{"ancestorTitles":["<Pagination />"],"failureMessages":[],"fullName":"<Pagination /> Should render pages padded around the current page based on the `displayCount`","location":null,"status":"passed","title":"Should render pages padded around the current page based on the `displayCount`"},{"ancestorTitles":["<Pagination />"],"failureMessages":[],"fullName":"<Pagination /> Should render the first x pages when the current page is lower than the (odd) `displayCount`","location":null,"status":"passed","title":"Should render the first x pages when the current page is lower than the (odd) `displayCount`"},{"ancestorTitles":["<Pagination />"],"failureMessages":[],"fullName":"<Pagination /> Should render the first x pages when the current page is lower than the (even) `displayCount`","location":null,"status":"passed","title":"Should render the first x pages when the current page is lower than the (even) `displayCount`"},{"ancestorTitles":["<Pagination />"],"failureMessages":[],"fullName":"<Pagination /> Should render the last x pages when if the currentPage is equal less than the `pageCount` minus the (odd) `displayCount`","location":null,"status":"passed","title":"Should render the last x pages when if the currentPage is equal less than the `pageCount` minus the (odd) `displayCount`"},{"ancestorTitles":["<Pagination />"],"failureMessages":[],"fullName":"<Pagination /> Should render the last x pages when if the currentPage is equal less than the `pageCount` minus the (even) `displayCount`","location":null,"status":"passed","title":"Should render the last x pages when if the currentPage is equal less than the `pageCount` minus the (even) `displayCount`"},{"ancestorTitles":["<Pagination />"],"failureMessages":[],"fullName":"<Pagination /> Should call `onPageChange` when changing pages internally","location":null,"status":"passed","title":"Should call `onPageChange` when changing pages internally"},{"ancestorTitles":["<Pagination />"],"failureMessages":[],"fullName":"<Pagination /> Should not call `onPageChange` when changing page to the current page","location":null,"status":"passed","title":"Should not call `onPageChange` when changing page to the current page"},{"ancestorTitles":["<Pagination />"],"failureMessages":[],"fullName":"<Pagination /> Should be able to jump to the previous page","location":null,"status":"passed","title":"Should be able to jump to the previous page"},{"ancestorTitles":["<Pagination />"],"failureMessages":[],"fullName":"<Pagination /> Should be able to jump to the next page","location":null,"status":"passed","title":"Should be able to jump to the next page"},{"ancestorTitles":["<Pagination />"],"failureMessages":[],"fullName":"<Pagination /> Should be able to jump to the first page","location":null,"status":"passed","title":"Should be able to jump to the first page"},{"ancestorTitles":["<Pagination />"],"failureMessages":[],"fullName":"<Pagination /> Should be able to jump to the last page","location":null,"status":"passed","title":"Should be able to jump to the last page"}],"endTime":1562571723387,"message":"","name":"/Users/benjaminnaesen/Vault/avo2-components/src/components/Pagination/Pagination.test.tsx","startTime":1562571720874,"status":"passed","summary":""},{"assertionResults":[{"ancestorTitles":["<Thumbnail />"],"failureMessages":[],"fullName":"<Thumbnail /> Should be able to render","location":null,"status":"passed","title":"Should be able to render"},{"ancestorTitles":["<Thumbnail />"],"failureMessages":[],"fullName":"<Thumbnail /> Should set the correct className","location":null,"status":"passed","title":"Should set the correct className"},{"ancestorTitles":["<Thumbnail />"],"failureMessages":[],"fullName":"<Thumbnail /> Should set the correct className for each category","location":null,"status":"passed","title":"Should set the correct className for each category"},{"ancestorTitles":["<Thumbnail />"],"failureMessages":[],"fullName":"<Thumbnail /> Should render image if src is correctly passed","location":null,"status":"passed","title":"Should render image if src is correctly passed"},{"ancestorTitles":["<Thumbnail />"],"failureMessages":[],"fullName":"<Thumbnail /> Should render placeholder if no src is passed","location":null,"status":"passed","title":"Should render placeholder if no src is passed"},{"ancestorTitles":["<Thumbnail />"],"failureMessages":[],"fullName":"<Thumbnail /> Should correctly set alt if it was passed","location":null,"status":"passed","title":"Should correctly set alt if it was passed"},{"ancestorTitles":["<Thumbnail />"],"failureMessages":[],"fullName":"<Thumbnail /> Should render meta if it was passed","location":null,"status":"passed","title":"Should render meta if it was passed"},{"ancestorTitles":["<Thumbnail />"],"failureMessages":[],"fullName":"<Thumbnail /> Should not render meta if it was not passed","location":null,"status":"passed","title":"Should not render meta if it was not passed"}],"endTime":1562571723432,"message":"","name":"/Users/benjaminnaesen/Vault/avo2-components/src/components/Thumbnail/Thumbnail.test.tsx","startTime":1562571720878,"status":"passed","summary":""},{"assertionResults":[{"ancestorTitles":["<TagList />"],"failureMessages":[],"fullName":"<TagList /> Should be able to render","location":null,"status":"passed","title":"Should be able to render"},{"ancestorTitles":["<TagList />"],"failureMessages":[],"fullName":"<TagList /> Should set the correct className","location":null,"status":"passed","title":"Should set the correct className"},{"ancestorTitles":["<TagList />"],"failureMessages":[],"fullName":"<TagList /> Should correctly render the labels","location":null,"status":"passed","title":"Should correctly render the labels"},{"ancestorTitles":["<TagList />"],"failureMessages":[],"fullName":"<TagList /> Should be able to render with swatches","location":null,"status":"passed","title":"Should be able to render with swatches"},{"ancestorTitles":["<TagList />"],"failureMessages":[],"fullName":"<TagList /> Should be able to render without swatches","location":null,"status":"passed","title":"Should be able to render without swatches"},{"ancestorTitles":["<TagList />"],"failureMessages":[],"fullName":"<TagList /> Should set the correct className for labels when rendering with swatches","location":null,"status":"passed","title":"Should set the correct className for labels when rendering with swatches"},{"ancestorTitles":["<TagList />"],"failureMessages":[],"fullName":"<TagList /> Should set the correct className for labels when rendering without swatches","location":null,"status":"passed","title":"Should set the correct className for labels when rendering without swatches"},{"ancestorTitles":["<TagList />"],"failureMessages":[],"fullName":"<TagList /> Should not render a <p class=\"c-label-text\"> nor <p class=\"c-tag__label\"> when tag has no swatches & is not closable","location":null,"status":"passed","title":"Should not render a <p class=\"c-label-text\"> nor <p class=\"c-tag__label\"> when tag has no swatches & is not closable"},{"ancestorTitles":["<TagList />"],"failureMessages":[],"fullName":"<TagList /> Should be able to render with borders","location":null,"status":"passed","title":"Should be able to render with borders"},{"ancestorTitles":["<TagList />"],"failureMessages":[],"fullName":"<TagList /> Should be able to render without borders","location":null,"status":"passed","title":"Should be able to render without borders"},{"ancestorTitles":["<TagList />"],"failureMessages":[],"fullName":"<TagList /> Should be able to render close buttons","location":null,"status":"passed","title":"Should be able to render close buttons"},{"ancestorTitles":["<TagList />"],"failureMessages":[],"fullName":"<TagList /> Should call `onTagClosed` when closing a tag","location":null,"status":"passed","title":"Should call `onTagClosed` when closing a tag"},{"ancestorTitles":["<TagList />"],"failureMessages":[],"fullName":"<TagList /> Should call `onTagClicked` when clicking a tag","location":null,"status":"passed","title":"Should call `onTagClicked` when clicking a tag"}],"endTime":1562571723436,"message":"","name":"/Users/benjaminnaesen/Vault/avo2-components/src/components/TagList/TagList.test.tsx","startTime":1562571720899,"status":"passed","summary":""},{"assertionResults":[{"ancestorTitles":["<Button />"],"failureMessages":[],"fullName":"<Button /> Should be able to render","location":null,"status":"passed","title":"Should be able to render"},{"ancestorTitles":["<Button />"],"failureMessages":[],"fullName":"<Button /> Should set the correct className","location":null,"status":"passed","title":"Should set the correct className"},{"ancestorTitles":["<Button />"],"failureMessages":[],"fullName":"<Button /> Should set the correct size className","location":null,"status":"passed","title":"Should set the correct size className"},{"ancestorTitles":["<Button />"],"failureMessages":[],"fullName":"<Button /> Should set the correct width className when passing block option","location":null,"status":"passed","title":"Should set the correct width className when passing block option"},{"ancestorTitles":["<Button />"],"failureMessages":[],"fullName":"<Button /> Should set the correct type className","location":null,"status":"passed","title":"Should set the correct type className"},{"ancestorTitles":["<Button />"],"failureMessages":[],"fullName":"<Button /> Should be able to render a label","location":null,"status":"passed","title":"Should be able to render a label"},{"ancestorTitles":["<Button />"],"failureMessages":[],"fullName":"<Button /> Should not to render a label when none is passed","location":null,"status":"passed","title":"Should not to render a label when none is passed"},{"ancestorTitles":["<Button />"],"failureMessages":[],"fullName":"<Button /> Should be able to render a label and an icon","location":null,"status":"passed","title":"Should be able to render a label and an icon"},{"ancestorTitles":["<Button />"],"failureMessages":[],"fullName":"<Button /> Should get a special className when only an icon is passed","location":null,"status":"passed","title":"Should get a special className when only an icon is passed"},{"ancestorTitles":["<Button />"],"failureMessages":[],"fullName":"<Button /> Should be able to render an arrow at the end of the button","location":null,"status":"passed","title":"Should be able to render an arrow at the end of the button"},{"ancestorTitles":["<Button />"],"failureMessages":[],"fullName":"<Button /> Should call the `onClick`-handler when clicked","location":null,"status":"passed","title":"Should call the `onClick`-handler when clicked"},{"ancestorTitles":["<Button />"],"failureMessages":[],"fullName":"<Button /> Should pass on the `disabled`-attribute","location":null,"status":"passed","title":"Should pass on the `disabled`-attribute"},{"ancestorTitles":["<Button />"],"failureMessages":[],"fullName":"<Button /> Should set the correct classNames when `active` is passed","location":null,"status":"passed","title":"Should set the correct classNames when `active` is passed"},{"ancestorTitles":["<Button />"],"failureMessages":[],"fullName":"<Button /> Should pass on the `active`-prop to the button icon","location":null,"status":"passed","title":"Should pass on the `active`-prop to the button icon"}],"endTime":1562571723468,"message":"","name":"/Users/benjaminnaesen/Vault/avo2-components/src/components/Button/Button.test.tsx","startTime":1562571720873,"status":"passed","summary":""},{"assertionResults":[{"ancestorTitles":["<MediaCard />"],"failureMessages":[],"fullName":"<MediaCard /> Should be able to render","location":null,"status":"passed","title":"Should be able to render"},{"ancestorTitles":["<MediaCard />"],"failureMessages":[],"fullName":"<MediaCard /> Should set the correct className","location":null,"status":"passed","title":"Should set the correct className"},{"ancestorTitles":["<MediaCard />"],"failureMessages":[],"fullName":"<MediaCard /> Should set the correct className for each category","location":null,"status":"passed","title":"Should set the correct className for each category"},{"ancestorTitles":["<MediaCard />"],"failureMessages":[],"fullName":"<MediaCard /> Should set the correct className for each orientation","location":null,"status":"passed","title":"Should set the correct className for each orientation"},{"ancestorTitles":["<MediaCard />"],"failureMessages":[],"fullName":"<MediaCard /> Should render thumbnail when slot is passed","location":null,"status":"passed","title":"Should render thumbnail when slot is passed"},{"ancestorTitles":["<MediaCard />"],"failureMessages":[],"fullName":"<MediaCard /> Should render metaData when slot is passed","location":null,"status":"passed","title":"Should render metaData when slot is passed"},{"ancestorTitles":["<MediaCard />"],"failureMessages":[],"fullName":"<MediaCard /> Should pass `href` property to title & thumbnail","location":null,"status":"passed","title":"Should pass `href` property to title & thumbnail"}],"endTime":1562571723517,"message":"","name":"/Users/benjaminnaesen/Vault/avo2-components/src/components/MediaCard/MediaCard.test.tsx","startTime":1562571720872,"status":"passed","summary":""},{"assertionResults":[{"ancestorTitles":["<BlockVideoTitleTextButton />"],"failureMessages":[],"fullName":"<BlockVideoTitleTextButton /> Should be able to render","location":null,"status":"passed","title":"Should be able to render"},{"ancestorTitles":["<BlockVideoTitleTextButton />"],"failureMessages":[],"fullName":"<BlockVideoTitleTextButton /> Should render the video correctly","location":null,"status":"passed","title":"Should render the video correctly"},{"ancestorTitles":["<BlockVideoTitleTextButton />"],"failureMessages":[],"fullName":"<BlockVideoTitleTextButton /> Should render the title correctly","location":null,"status":"passed","title":"Should render the title correctly"},{"ancestorTitles":["<BlockVideoTitleTextButton />"],"failureMessages":[],"fullName":"<BlockVideoTitleTextButton /> Should render the text correctly","location":null,"status":"passed","title":"Should render the text correctly"},{"ancestorTitles":["<BlockVideoTitleTextButton />"],"failureMessages":[],"fullName":"<BlockVideoTitleTextButton /> Should set the correct className","location":null,"status":"passed","title":"Should set the correct className"},{"ancestorTitles":["<BlockVideoTitleTextButton />"],"failureMessages":[],"fullName":"<BlockVideoTitleTextButton /> Should trigger handler when button is clicked","location":null,"status":"passed","title":"Should trigger handler when button is clicked"}],"endTime":1562571723530,"message":"","name":"/Users/benjaminnaesen/Vault/avo2-components/src/components/ContentBlocks/BlockVideoTitleTextButton/BlockVideoTitleTextButton.test.tsx","startTime":1562571720886,"status":"passed","summary":""},{"assertionResults":[{"ancestorTitles":["<Modal />"],"failureMessages":[],"fullName":"<Modal /> Should be able to render","location":null,"status":"passed","title":"Should be able to render"},{"ancestorTitles":["<Modal />"],"failureMessages":[],"fullName":"<Modal /> Should set the correct className(s)","location":null,"status":"passed","title":"Should set the correct className(s)"},{"ancestorTitles":["<Modal />"],"failureMessages":[],"fullName":"<Modal /> Should set the correct className for every size","location":null,"status":"passed","title":"Should set the correct className for every size"},{"ancestorTitles":["<Modal />"],"failureMessages":[],"fullName":"<Modal /> Should set the correct className for scrollable modals","location":null,"status":"passed","title":"Should set the correct className for scrollable modals"},{"ancestorTitles":["<Modal />"],"failureMessages":[],"fullName":"<Modal /> Should be able to render with a title","location":null,"status":"passed","title":"Should be able to render with a title"},{"ancestorTitles":["<Modal />"],"failureMessages":[],"fullName":"<Modal /> Should be able to render without a title","location":null,"status":"passed","title":"Should be able to render without a title"},{"ancestorTitles":["<Modal />"],"failureMessages":[],"fullName":"<Modal /> Should be able to be rendered invisible","location":null,"status":"passed","title":"Should be able to be rendered invisible"},{"ancestorTitles":["<Modal />"],"failureMessages":[],"fullName":"<Modal /> Should be able to be rendered visible ","location":null,"status":"passed","title":"Should be able to be rendered visible "},{"ancestorTitles":["<Modal />"],"failureMessages":[],"fullName":"<Modal /> Should not show the backdrop when invisible","location":null,"status":"passed","title":"Should not show the backdrop when invisible"},{"ancestorTitles":["<Modal />"],"failureMessages":[],"fullName":"<Modal /> Should show the backdrop when visible","location":null,"status":"passed","title":"Should show the backdrop when visible"},{"ancestorTitles":["<Modal />"],"failureMessages":[],"fullName":"<Modal /> Should call the onClose handler when closing the modal","location":null,"status":"passed","title":"Should call the onClose handler when closing the modal"},{"ancestorTitles":["<Modal />"],"failureMessages":[],"fullName":"<Modal /> Should not call `onClose` when clicking inside the modal ","location":null,"status":"passed","title":"Should not call `onClose` when clicking inside the modal "},{"ancestorTitles":["<Modal />"],"failureMessages":[],"fullName":"<Modal /> Should correctly render the body","location":null,"status":"passed","title":"Should correctly render the body"},{"ancestorTitles":["<Modal />"],"failureMessages":[],"fullName":"<Modal /> Should be able to render items in the header (right)","location":null,"status":"passed","title":"Should be able to render items in the header (right)"},{"ancestorTitles":["<Modal />"],"failureMessages":[],"fullName":"<Modal /> Should be able to render items in the footer (left)","location":null,"status":"passed","title":"Should be able to render items in the footer (left)"},{"ancestorTitles":["<Modal />"],"failureMessages":[],"fullName":"<Modal /> Should be able to render items in the footer (right)","location":null,"status":"passed","title":"Should be able to render items in the footer (right)"},{"ancestorTitles":["<Modal />"],"failureMessages":[],"fullName":"<Modal /> Should not render the footer when no footer render props are passed","location":null,"status":"passed","title":"Should not render the footer when no footer render props are passed"},{"ancestorTitles":["<Modal />"],"failureMessages":[],"fullName":"<Modal /> Should not render the left side of the footer when no ModalFooterLeft-slot is passed","location":null,"status":"passed","title":"Should not render the left side of the footer when no ModalFooterLeft-slot is passed"},{"ancestorTitles":["<Modal />"],"failureMessages":[],"fullName":"<Modal /> Should not render the right side of the footer when no ModalFooterRight-slot is passed","location":null,"status":"passed","title":"Should not render the right side of the footer when no ModalFooterRight-slot is passed"}],"endTime":1562571723587,"message":"","name":"/Users/benjaminnaesen/Vault/avo2-components/src/components/Modal/Modal.test.tsx","startTime":1562571720920,"status":"passed","summary":""},{"assertionResults":[{"ancestorTitles":["<BlockImageTitleTextButton />"],"failureMessages":[],"fullName":"<BlockImageTitleTextButton /> Should be able to render","location":null,"status":"passed","title":"Should be able to render"},{"ancestorTitles":["<BlockImageTitleTextButton />"],"failureMessages":[],"fullName":"<BlockImageTitleTextButton /> Should render the image correctly","location":null,"status":"passed","title":"Should render the image correctly"},{"ancestorTitles":["<BlockImageTitleTextButton />"],"failureMessages":[],"fullName":"<BlockImageTitleTextButton /> Should render the title correctly","location":null,"status":"passed","title":"Should render the title correctly"},{"ancestorTitles":["<BlockImageTitleTextButton />"],"failureMessages":[],"fullName":"<BlockImageTitleTextButton /> Should render the text correctly","location":null,"status":"passed","title":"Should render the text correctly"},{"ancestorTitles":["<BlockImageTitleTextButton />"],"failureMessages":[],"fullName":"<BlockImageTitleTextButton /> Should set the correct className","location":null,"status":"passed","title":"Should set the correct className"},{"ancestorTitles":["<BlockImageTitleTextButton />"],"failureMessages":[],"fullName":"<BlockImageTitleTextButton /> Should trigger handler when button is clicked","location":null,"status":"passed","title":"Should trigger handler when button is clicked"}],"endTime":1562571723598,"message":"","name":"/Users/benjaminnaesen/Vault/avo2-components/src/components/ContentBlocks/BlockImageTitleTextButton/BlockImageTitleTextButton.test.tsx","startTime":1562571720875,"status":"passed","summary":""},{"assertionResults":[{"ancestorTitles":["<Dropdown />"],"failureMessages":[],"fullName":"<Dropdown /> Should be able to render","location":null,"status":"passed","title":"Should be able to render"},{"ancestorTitles":["<Dropdown />"],"failureMessages":[],"fullName":"<Dropdown /> Should render correctly with `isOpen = false`","location":null,"status":"passed","title":"Should render correctly with `isOpen = false`"},{"ancestorTitles":["<Dropdown />"],"failureMessages":[],"fullName":"<Dropdown /> Shouldrender correctly with `isOpen = true`","location":null,"status":"passed","title":"Shouldrender correctly with `isOpen = true`"},{"ancestorTitles":["<Dropdown />"],"failureMessages":[],"fullName":"<Dropdown /> Should call `onOpen` when clicking the button (and `isOpen = false`)","location":null,"status":"passed","title":"Should call `onOpen` when clicking the button (and `isOpen = false`)"},{"ancestorTitles":["<Dropdown />"],"failureMessages":[],"fullName":"<Dropdown /> Should call `onClose` when clicking the button (and `isOpen = true`)","location":null,"status":"passed","title":"Should call `onClose` when clicking the button (and `isOpen = true`)"},{"ancestorTitles":["<Dropdown />"],"failureMessages":[],"fullName":"<Dropdown /> Should set the correct className for button","location":null,"status":"passed","title":"Should set the correct className for button"},{"ancestorTitles":["<Dropdown />"],"failureMessages":[],"fullName":"<Dropdown /> Should correctly pass `label`","location":null,"status":"passed","title":"Should correctly pass `label`"}],"endTime":1562571723674,"message":"","name":"/Users/benjaminnaesen/Vault/avo2-components/src/components/Dropdown/Dropdown.test.tsx","startTime":1562571720870,"status":"passed","summary":""},{"assertionResults":[{"ancestorTitles":["useKeyPress"],"failureMessages":[],"fullName":"useKeyPress Should call onPressDown when pressing target key","location":null,"status":"passed","title":"Should call onPressDown when pressing target key"},{"ancestorTitles":["useKeyPress"],"failureMessages":[],"fullName":"useKeyPress Should call onPressUp when releasing target key","location":null,"status":"passed","title":"Should call onPressUp when releasing target key"},{"ancestorTitles":["useKeyPress"],"failureMessages":[],"fullName":"useKeyPress Should not call onPressDown when pressing a key that is not the target key","location":null,"status":"passed","title":"Should not call onPressDown when pressing a key that is not the target key"},{"ancestorTitles":["useKeyPress"],"failureMessages":[],"fullName":"useKeyPress Should not call onPressUp when releasing a key that is not the target key","location":null,"status":"passed","title":"Should not call onPressUp when releasing a key that is not the target key"}],"endTime":1562571724083,"message":"","name":"/Users/benjaminnaesen/Vault/avo2-components/src/hooks/useKeypress.test.tsx","startTime":1562571723549,"status":"passed","summary":""},{"assertionResults":[{"ancestorTitles":["<CheckboxGroup />"],"failureMessages":[],"fullName":"<CheckboxGroup /> Should be able to render","location":null,"status":"passed","title":"Should be able to render"},{"ancestorTitles":["<CheckboxGroup />"],"failureMessages":[],"fullName":"<CheckboxGroup /> Should set the correct className","location":null,"status":"passed","title":"Should set the correct className"},{"ancestorTitles":["<CheckboxGroup />"],"failureMessages":[],"fullName":"<CheckboxGroup /> Should set the correct className when passing inline option","location":null,"status":"passed","title":"Should set the correct className when passing inline option"},{"ancestorTitles":["<CheckboxGroup />"],"failureMessages":[],"fullName":"<CheckboxGroup /> Should correctly pass children","location":null,"status":"passed","title":"Should correctly pass children"}],"endTime":1562571724096,"message":"","name":"/Users/benjaminnaesen/Vault/avo2-components/src/components/CheckboxGroup/CheckboxGroup.test.tsx","startTime":1562571723489,"status":"passed","summary":""},{"assertionResults":[{"ancestorTitles":["<Flex />"],"failureMessages":[],"fullName":"<Flex /> Should be able to render","location":null,"status":"passed","title":"Should be able to render"},{"ancestorTitles":["<Flex />"],"failureMessages":[],"fullName":"<Flex /> Should set the correct className","location":null,"status":"passed","title":"Should set the correct className"},{"ancestorTitles":["<Flex />"],"failureMessages":[],"fullName":"<Flex /> Should set the correct className when shrink is passed (string)","location":null,"status":"passed","title":"Should set the correct className when shrink is passed (string)"},{"ancestorTitles":["<Flex />"],"failureMessages":[],"fullName":"<Flex /> Should correctly pass children","location":null,"status":"passed","title":"Should correctly pass children"}],"endTime":1562571724139,"message":"","name":"/Users/benjaminnaesen/Vault/avo2-components/src/components/FlexItem/FlexItem.test.tsx","startTime":1562571723618,"status":"passed","summary":""},{"assertionResults":[{"ancestorTitles":["<TextInput />"],"failureMessages":[],"fullName":"<TextInput /> Should be able to render","location":null,"status":"passed","title":"Should be able to render"},{"ancestorTitles":["<TextInput />"],"failureMessages":[],"fullName":"<TextInput /> Should set the correct className","location":null,"status":"passed","title":"Should set the correct className"},{"ancestorTitles":["<TextInput />"],"failureMessages":[],"fullName":"<TextInput /> Should pass on the id","location":null,"status":"passed","title":"Should pass on the id"},{"ancestorTitles":["<TextInput />"],"failureMessages":[],"fullName":"<TextInput /> Should be able to set the disabled state","location":null,"status":"passed","title":"Should be able to set the disabled state"},{"ancestorTitles":["<TextInput />"],"failureMessages":[],"fullName":"<TextInput /> Should be able to set the placeholder value","location":null,"status":"passed","title":"Should be able to set the placeholder value"},{"ancestorTitles":["<TextInput />"],"failureMessages":[],"fullName":"<TextInput /> Should be able to set an initial value","location":null,"status":"passed","title":"Should be able to set an initial value"},{"ancestorTitles":["<TextInput />"],"failureMessages":[],"fullName":"<TextInput /> Should be able to render with an icon","location":null,"status":"passed","title":"Should be able to render with an icon"},{"ancestorTitles":["<TextInput />"],"failureMessages":[],"fullName":"<TextInput /> Should call the onChange handler when the input changes","location":null,"status":"passed","title":"Should call the onChange handler when the input changes"}],"endTime":1562571724187,"message":"","name":"/Users/benjaminnaesen/Vault/avo2-components/src/components/TextInput/TextInput.test.tsx","startTime":1562571723456,"status":"passed","summary":""},{"assertionResults":[{"ancestorTitles":["<Icon />"],"failureMessages":[],"fullName":"<Icon /> Should render when a known icon is passed","location":null,"status":"passed","title":"Should render when a known icon is passed"},{"ancestorTitles":["<Icon />"],"failureMessages":[],"fullName":"<Icon /> Should render slash icon when an unknown icon name is passed","location":null,"status":"passed","title":"Should render slash icon when an unknown icon name is passed"},{"ancestorTitles":["<Icon />"],"failureMessages":[],"fullName":"<Icon /> Should render icon when name was passed as PascalCase","location":null,"status":"passed","title":"Should render icon when name was passed as PascalCase"},{"ancestorTitles":["<Icon />"],"failureMessages":[],"fullName":"<Icon /> Should render icon when name was passed as kebab-case","location":null,"status":"passed","title":"Should render icon when name was passed as kebab-case"},{"ancestorTitles":["<Icon />"],"failureMessages":[],"fullName":"<Icon /> Should correctly set the className without type","location":null,"status":"passed","title":"Should correctly set the className without type"},{"ancestorTitles":["<Icon />"],"failureMessages":[],"fullName":"<Icon /> Should correctly set the className with type","location":null,"status":"passed","title":"Should correctly set the className with type"},{"ancestorTitles":["<Icon />"],"failureMessages":[],"fullName":"<Icon /> Should correctly set the sizing className","location":null,"status":"passed","title":"Should correctly set the sizing className"},{"ancestorTitles":["<Icon />"],"failureMessages":[],"fullName":"<Icon /> Should correctly set the className when active","location":null,"status":"passed","title":"Should correctly set the className when active"}],"endTime":1562571724200,"message":"","name":"/Users/benjaminnaesen/Vault/avo2-components/src/components/Icon/Icon.test.tsx","startTime":1562571723407,"status":"passed","summary":""},{"assertionResults":[{"ancestorTitles":["<Blankslate />"],"failureMessages":[],"fullName":"<Blankslate /> Should be able to render","location":null,"status":"passed","title":"Should be able to render"},{"ancestorTitles":["<Blankslate />"],"failureMessages":[],"fullName":"<Blankslate /> Should set the correct className","location":null,"status":"passed","title":"Should set the correct className"},{"ancestorTitles":["<Blankslate />"],"failureMessages":[],"fullName":"<Blankslate /> Should set the correct className when in spacious mode","location":null,"status":"passed","title":"Should set the correct className when in spacious mode"},{"ancestorTitles":["<Blankslate />"],"failureMessages":[],"fullName":"<Blankslate /> Should render the title correctly","location":null,"status":"passed","title":"Should render the title correctly"},{"ancestorTitles":["<Blankslate />"],"failureMessages":[],"fullName":"<Blankslate /> Should render the body correctly","location":null,"status":"passed","title":"Should render the body correctly"},{"ancestorTitles":["<Blankslate />"],"failureMessages":[],"fullName":"<Blankslate /> Should be able to render an icon","location":null,"status":"passed","title":"Should be able to render an icon"},{"ancestorTitles":["<Blankslate />"],"failureMessages":[],"fullName":"<Blankslate /> Should correctly pass children","location":null,"status":"passed","title":"Should correctly pass children"}],"endTime":1562571724218,"message":"","name":"/Users/benjaminnaesen/Vault/avo2-components/src/components/Blankslate/Blankslate.test.tsx","startTime":1562571723452,"status":"passed","summary":""},{"assertionResults":[{"ancestorTitles":["<ToggleButton />"],"failureMessages":[],"fullName":"<ToggleButton /> Should be able to render","location":null,"status":"passed","title":"Should be able to render"},{"ancestorTitles":["<ToggleButton />"],"failureMessages":[],"fullName":"<ToggleButton /> Should set the normal version of the icon when not `active`","location":null,"status":"passed","title":"Should set the normal version of the icon when not `active`"},{"ancestorTitles":["<ToggleButton />"],"failureMessages":[],"fullName":"<ToggleButton /> Should set the filled version of the icon when `active`","location":null,"status":"passed","title":"Should set the filled version of the icon when `active`"},{"ancestorTitles":["<ToggleButton />"],"failureMessages":[],"fullName":"<ToggleButton /> Should call the `onClick`-handler when clicked","location":null,"status":"passed","title":"Should call the `onClick`-handler when clicked"}],"endTime":1562571724278,"message":"","name":"/Users/benjaminnaesen/Vault/avo2-components/src/components/ToggleButton/ToggleButton.test.tsx","startTime":1562571723407,"status":"passed","summary":""},{"assertionResults":[{"ancestorTitles":["<MetaDataItem />"],"failureMessages":[],"fullName":"<MetaDataItem /> Should be able to render","location":null,"status":"passed","title":"Should be able to render"},{"ancestorTitles":["<MetaDataItem />"],"failureMessages":[],"fullName":"<MetaDataItem /> Should set the correct className","location":null,"status":"passed","title":"Should set the correct className"},{"ancestorTitles":["<MetaDataItem />"],"failureMessages":[],"fullName":"<MetaDataItem /> Should set the correct className when icon is passed","location":null,"status":"passed","title":"Should set the correct className when icon is passed"}],"endTime":1562571724279,"message":"","name":"/Users/benjaminnaesen/Vault/avo2-components/src/components/MetaDataItem/MetaDataItem.test.tsx","startTime":1562571723552,"status":"passed","summary":""},{"assertionResults":[{"ancestorTitles":["useDeselectEvent"],"failureMessages":[],"fullName":"useDeselectEvent Should call `onDeselect` when selecting a radio button with the same `name` and a different `value`","location":null,"status":"passed","title":"Should call `onDeselect` when selecting a radio button with the same `name` and a different `value`"},{"ancestorTitles":["useDeselectEvent"],"failureMessages":[],"fullName":"useDeselectEvent Should not call `onDeselect` when selecting the current radio button","location":null,"status":"passed","title":"Should not call `onDeselect` when selecting the current radio button"},{"ancestorTitles":["useDeselectEvent"],"failureMessages":[],"fullName":"useDeselectEvent Should not call `onDeselect` when selecting a radio button with a different `name`","location":null,"status":"passed","title":"Should not call `onDeselect` when selecting a radio button with a different `name`"}],"endTime":1562571724273,"message":"","name":"/Users/benjaminnaesen/Vault/avo2-components/src/hooks/useDeselectEvent.test.tsx","startTime":1562571723712,"status":"passed","summary":""},{"assertionResults":[{"ancestorTitles":["<SearchResult />"],"failureMessages":[],"fullName":"<SearchResult /> Should be able to render","location":null,"status":"passed","title":"Should be able to render"},{"ancestorTitles":["<SearchResult />"],"failureMessages":[],"fullName":"<SearchResult /> Should set the correct className","location":null,"status":"passed","title":"Should set the correct className"},{"ancestorTitles":["<SearchResult />"],"failureMessages":[],"fullName":"<SearchResult /> Should render Thumbnail component","location":null,"status":"passed","title":"Should render Thumbnail component"},{"ancestorTitles":["<SearchResult />"],"failureMessages":[],"fullName":"<SearchResult /> Should be able to render a SearchResultTitle-slot","location":null,"status":"passed","title":"Should be able to render a SearchResultTitle-slot"},{"ancestorTitles":["<SearchResult />"],"failureMessages":[],"fullName":"<SearchResult /> Should be able to render a SearchResultSubtitle-slot","location":null,"status":"passed","title":"Should be able to render a SearchResultSubtitle-slot"},{"ancestorTitles":["<SearchResult />"],"failureMessages":[],"fullName":"<SearchResult /> Should be able to render a SearchResultThumbnail-slot","location":null,"status":"passed","title":"Should be able to render a SearchResultThumbnail-slot"},{"ancestorTitles":["<SearchResult />"],"failureMessages":[],"fullName":"<SearchResult /> Should call `onToggle` when clicking bookmark","location":null,"status":"passed","title":"Should call `onToggle` when clicking bookmark"},{"ancestorTitles":["<SearchResult />"],"failureMessages":[],"fullName":"<SearchResult /> Should render `type` correctly","location":null,"status":"passed","title":"Should render `type` correctly"},{"ancestorTitles":["<SearchResult />"],"failureMessages":[],"fullName":"<SearchResult /> Should render `date` correctly","location":null,"status":"passed","title":"Should render `date` correctly"},{"ancestorTitles":["<SearchResult />"],"failureMessages":[],"fullName":"<SearchResult /> Should render `viewCount` correctly","location":null,"status":"passed","title":"Should render `viewCount` correctly"},{"ancestorTitles":["<SearchResult />"],"failureMessages":[],"fullName":"<SearchResult /> Should render `bookmarkCount` correctly","location":null,"status":"passed","title":"Should render `bookmarkCount` correctly"},{"ancestorTitles":["<SearchResult />"],"failureMessages":[],"fullName":"<SearchResult /> Should render `description` correctly","location":null,"status":"passed","title":"Should render `description` correctly"},{"ancestorTitles":["<SearchResult />"],"failureMessages":[],"fullName":"<SearchResult /> Should render `duration` correctly","location":null,"status":"passed","title":"Should render `duration` correctly"},{"ancestorTitles":["<SearchResult />"],"failureMessages":[],"fullName":"<SearchResult /> Should render `numberOfItems` correctly","location":null,"status":"passed","title":"Should render `numberOfItems` correctly"},{"ancestorTitles":["<SearchResult />"],"failureMessages":[],"fullName":"<SearchResult /> Should render `tags` correctly","location":null,"status":"passed","title":"Should render `tags` correctly"}],"endTime":1562571724301,"message":"","name":"/Users/benjaminnaesen/Vault/avo2-components/src/components/SearchResult/SearchResult.test.tsx","startTime":1562571720878,"status":"passed","summary":""},{"assertionResults":[{"ancestorTitles":["<DatePicker />"],"failureMessages":[],"fullName":"<DatePicker /> Should be able to render","location":null,"status":"passed","title":"Should be able to render"},{"ancestorTitles":["<DatePicker />"],"failureMessages":[],"fullName":"<DatePicker /> Should set the correct className","location":null,"status":"passed","title":"Should set the correct className"},{"ancestorTitles":["<DatePicker />"],"failureMessages":[],"fullName":"<DatePicker /> Should pass on the id","location":null,"status":"passed","title":"Should pass on the id"},{"ancestorTitles":["<DatePicker />"],"failureMessages":[],"fullName":"<DatePicker /> Should be able to set the disabled state","location":null,"status":"passed","title":"Should be able to set the disabled state"},{"ancestorTitles":["<DatePicker />"],"failureMessages":[],"fullName":"<DatePicker /> Should be able to set an initial value","location":null,"status":"passed","title":"Should be able to set an initial value"},{"ancestorTitles":["<DatePicker />"],"failureMessages":[],"fullName":"<DatePicker /> Should be able to set a placeholder value","location":null,"status":"passed","title":"Should be able to set a placeholder value"},{"ancestorTitles":["<DatePicker />"],"failureMessages":[],"fullName":"<DatePicker /> Should call the onChange handler when the input changes","location":null,"status":"passed","title":"Should call the onChange handler when the input changes"}],"endTime":1562571724370,"message":"","name":"/Users/benjaminnaesen/Vault/avo2-components/src/components/DatePicker/DatePicker.test.tsx","startTime":1562571723617,"status":"passed","summary":""},{"assertionResults":[{"ancestorTitles":["<Select />"],"failureMessages":[],"fullName":"<Select /> Should be able to render","location":null,"status":"passed","title":"Should be able to render"},{"ancestorTitles":["<Select />"],"failureMessages":[],"fullName":"<Select /> Should set the correct className","location":null,"status":"passed","title":"Should set the correct className"},{"ancestorTitles":["<Select />"],"failureMessages":[],"fullName":"<Select /> Should correctly render the given options","location":null,"status":"passed","title":"Should correctly render the given options"},{"ancestorTitles":["<Select />"],"failureMessages":[],"fullName":"<Select /> Should pass on the id","location":null,"status":"passed","title":"Should pass on the id"},{"ancestorTitles":["<Select />"],"failureMessages":[],"fullName":"<Select /> Should be able to set the disabled state","location":null,"status":"passed","title":"Should be able to set the disabled state"},{"ancestorTitles":["<Select />"],"failureMessages":[],"fullName":"<Select /> Should be able to set an initial value","location":null,"status":"passed","title":"Should be able to set an initial value"},{"ancestorTitles":["<Select />"],"failureMessages":[],"fullName":"<Select /> Should call the onChange handler when the select option changes","location":null,"status":"passed","title":"Should call the onChange handler when the select option changes"}],"endTime":1562571724670,"message":"","name":"/Users/benjaminnaesen/Vault/avo2-components/src/components/Select/Select.test.tsx","startTime":1562571724106,"status":"passed","summary":""},{"assertionResults":[{"ancestorTitles":["<Spacer />"],"failureMessages":[],"fullName":"<Spacer /> Should be able to render","location":null,"status":"passed","title":"Should be able to render"},{"ancestorTitles":["<Spacer />"],"failureMessages":[],"fullName":"<Spacer /> Should set the correct className","location":null,"status":"passed","title":"Should set the correct className"},{"ancestorTitles":["<Spacer />"],"failureMessages":[],"fullName":"<Spacer /> Should set the correct className when margin is passed (string)","location":null,"status":"passed","title":"Should set the correct className when margin is passed (string)"},{"ancestorTitles":["<Spacer />"],"failureMessages":[],"fullName":"<Spacer /> Should set the correct className when margin is passed (array)","location":null,"status":"passed","title":"Should set the correct className when margin is passed (array)"},{"ancestorTitles":["<Spacer />"],"failureMessages":[],"fullName":"<Spacer /> Should set the correct className when multiple margins are passed","location":null,"status":"passed","title":"Should set the correct className when multiple margins are passed"},{"ancestorTitles":["<Spacer />"],"failureMessages":[],"fullName":"<Spacer /> Should correctly pass children","location":null,"status":"passed","title":"Should correctly pass children"}],"endTime":1562571724728,"message":"","name":"/Users/benjaminnaesen/Vault/avo2-components/src/components/Spacer/Spacer.test.tsx","startTime":1562571724153,"status":"passed","summary":""},{"assertionResults":[{"ancestorTitles":["<Toolbar />"],"failureMessages":[],"fullName":"<Toolbar /> Should be able to render","location":null,"status":"passed","title":"Should be able to render"},{"ancestorTitles":["<Toolbar />"],"failureMessages":[],"fullName":"<Toolbar /> Should set the correct className(s)","location":null,"status":"passed","title":"Should set the correct className(s)"},{"ancestorTitles":["<Toolbar />"],"failureMessages":[],"fullName":"<Toolbar /> Should set the correct className for size","location":null,"status":"passed","title":"Should set the correct className for size"},{"ancestorTitles":["<Toolbar />"],"failureMessages":[],"fullName":"<Toolbar /> Should set the correct className for spaced","location":null,"status":"passed","title":"Should set the correct className for spaced"},{"ancestorTitles":["<Toolbar />"],"failureMessages":[],"fullName":"<Toolbar /> Should set the correct className for autoHeight","location":null,"status":"passed","title":"Should set the correct className for autoHeight"},{"ancestorTitles":["<Toolbar />"],"failureMessages":[],"fullName":"<Toolbar /> Should set the correct className for alignTop","location":null,"status":"passed","title":"Should set the correct className for alignTop"},{"ancestorTitles":["<Toolbar />"],"failureMessages":[],"fullName":"<Toolbar /> Should correctly render the left controls","location":null,"status":"passed","title":"Should correctly render the left controls"},{"ancestorTitles":["<Toolbar />"],"failureMessages":[],"fullName":"<Toolbar /> Should correctly render the center controls","location":null,"status":"passed","title":"Should correctly render the center controls"},{"ancestorTitles":["<Toolbar />"],"failureMessages":[],"fullName":"<Toolbar /> Should correctly render the right controls","location":null,"status":"passed","title":"Should correctly render the right controls"}],"endTime":1562571724733,"message":"","name":"/Users/benjaminnaesen/Vault/avo2-components/src/components/Toolbar/Toolbar.test.tsx","startTime":1562571724094,"status":"passed","summary":""},{"assertionResults":[{"ancestorTitles":["<RadioButton />"],"failureMessages":[],"fullName":"<RadioButton /> Should be able to render","location":null,"status":"passed","title":"Should be able to render"},{"ancestorTitles":["<RadioButton />"],"failureMessages":[],"fullName":"<RadioButton /> Should set the correct className","location":null,"status":"passed","title":"Should set the correct className"},{"ancestorTitles":["<RadioButton />"],"failureMessages":[],"fullName":"<RadioButton /> Should be able to render with id correctly set","location":null,"status":"passed","title":"Should be able to render with id correctly set"},{"ancestorTitles":["<RadioButton />"],"failureMessages":[],"fullName":"<RadioButton /> Should be able to render with name correctly set","location":null,"status":"passed","title":"Should be able to render with name correctly set"},{"ancestorTitles":["<RadioButton />"],"failureMessages":[],"fullName":"<RadioButton /> Should be able to render with label correctly set","location":null,"status":"passed","title":"Should be able to render with label correctly set"},{"ancestorTitles":["<RadioButton />"],"failureMessages":[],"fullName":"<RadioButton /> Should be able to render without an id","location":null,"status":"passed","title":"Should be able to render without an id"},{"ancestorTitles":["<RadioButton />"],"failureMessages":[],"fullName":"<RadioButton /> Should set the defaultChecked-prop as the initial state","location":null,"status":"passed","title":"Should set the defaultChecked-prop as the initial state"},{"ancestorTitles":["<RadioButton />"],"failureMessages":[],"fullName":"<RadioButton /> Should have a default value of false for the checked-state","location":null,"status":"passed","title":"Should have a default value of false for the checked-state"},{"ancestorTitles":["<RadioButton />"],"failureMessages":[],"fullName":"<RadioButton /> Should call `onChange` when toggling radio button","location":null,"status":"passed","title":"Should call `onChange` when toggling radio button"}],"endTime":1562571724812,"message":"","name":"/Users/benjaminnaesen/Vault/avo2-components/src/components/RadioButton/RadioButton.test.tsx","startTime":1562571724229,"status":"passed","summary":""},{"assertionResults":[{"ancestorTitles":["<Checkbox />"],"failureMessages":[],"fullName":"<Checkbox /> Should be able to render","location":null,"status":"passed","title":"Should be able to render"},{"ancestorTitles":["<Checkbox />"],"failureMessages":[],"fullName":"<Checkbox /> Should set the correct className","location":null,"status":"passed","title":"Should set the correct className"},{"ancestorTitles":["<Checkbox />"],"failureMessages":[],"fullName":"<Checkbox /> Should correctly render `label`","location":null,"status":"passed","title":"Should correctly render `label`"},{"ancestorTitles":["<Checkbox />"],"failureMessages":[],"fullName":"<Checkbox /> Should correctly render `checked state`","location":null,"status":"passed","title":"Should correctly render `checked state`"},{"ancestorTitles":["<Checkbox />"],"failureMessages":[],"fullName":"<Checkbox /> Should correctly render `id`","location":null,"status":"passed","title":"Should correctly render `id`"},{"ancestorTitles":["<Checkbox />"],"failureMessages":[],"fullName":"<Checkbox /> Should be able to render without `id`","location":null,"status":"passed","title":"Should be able to render without `id`"},{"ancestorTitles":["<Checkbox />"],"failureMessages":[],"fullName":"<Checkbox /> Should be able to set the disabled state","location":null,"status":"passed","title":"Should be able to set the disabled state"},{"ancestorTitles":["<Checkbox />"],"failureMessages":[],"fullName":"<Checkbox /> Should call `onChange` when toggling checkbox","location":null,"status":"passed","title":"Should call `onChange` when toggling checkbox"}],"endTime":1562571724861,"message":"","name":"/Users/benjaminnaesen/Vault/avo2-components/src/components/Checkbox/Checkbox.test.tsx","startTime":1562571724288,"status":"passed","summary":""},{"assertionResults":[{"ancestorTitles":["<Container />"],"failureMessages":[],"fullName":"<Container /> Should be able to render","location":null,"status":"passed","title":"Should be able to render"},{"ancestorTitles":["<Container />"],"failureMessages":[],"fullName":"<Container /> Should set the correct classNames when in horizontal mode","location":null,"status":"passed","title":"Should set the correct classNames when in horizontal mode"},{"ancestorTitles":["<Container />"],"failureMessages":[],"fullName":"<Container /> Should set the correct classNames when passing `size` and no mode is passed","location":null,"status":"passed","title":"Should set the correct classNames when passing `size` and no mode is passed"},{"ancestorTitles":["<Container />"],"failureMessages":[],"fullName":"<Container /> Should set the correct classNames when passing `size` in horizontal mode","location":null,"status":"passed","title":"Should set the correct classNames when passing `size` in horizontal mode"},{"ancestorTitles":["<Container />"],"failureMessages":[],"fullName":"<Container /> Should set the correct classNames when in vertical mode","location":null,"status":"passed","title":"Should set the correct classNames when in vertical mode"},{"ancestorTitles":["<Container />"],"failureMessages":[],"fullName":"<Container /> Should set the correct classNames when passing `size` in vertical mode","location":null,"status":"passed","title":"Should set the correct classNames when passing `size` in vertical mode"},{"ancestorTitles":["<Container />"],"failureMessages":[],"fullName":"<Container /> Should be able to have an `alt` background","location":null,"status":"passed","title":"Should be able to have an `alt` background"},{"ancestorTitles":["<Container />"],"failureMessages":[],"fullName":"<Container /> Should be able to have an `inverse` background","location":null,"status":"passed","title":"Should be able to have an `inverse` background"},{"ancestorTitles":["<Container />"],"failureMessages":[],"fullName":"<Container /> Should be able to be rendered with a bottom border","location":null,"status":"passed","title":"Should be able to be rendered with a bottom border"},{"ancestorTitles":["<Container />"],"failureMessages":[],"fullName":"<Container /> Should correctly pass children","location":null,"status":"passed","title":"Should correctly pass children"}],"endTime":1562571724868,"message":"","name":"/Users/benjaminnaesen/Vault/avo2-components/src/components/Container/Container.test.tsx","startTime":1562571724305,"status":"passed","summary":""},{"assertionResults":[{"ancestorTitles":["<AvatarIcon />"],"failureMessages":[],"fullName":"<AvatarIcon /> Should be able to render","location":null,"status":"passed","title":"Should be able to render"},{"ancestorTitles":["<AvatarIcon />"],"failureMessages":[],"fullName":"<AvatarIcon /> Should correctly set the className","location":null,"status":"passed","title":"Should correctly set the className"},{"ancestorTitles":["<AvatarIcon />"],"failureMessages":[],"fullName":"<AvatarIcon /> Should correctly render the initials","location":null,"status":"passed","title":"Should correctly render the initials"},{"ancestorTitles":["<AvatarIcon />"],"failureMessages":[],"fullName":"<AvatarIcon /> Should be able to render as a small avatar","location":null,"status":"passed","title":"Should be able to render as a small avatar"},{"ancestorTitles":["<AvatarIcon />"],"failureMessages":[],"fullName":"<AvatarIcon /> Should be able to render an image as the avatar","location":null,"status":"passed","title":"Should be able to render an image as the avatar"}],"endTime":1562571724900,"message":"","name":"/Users/benjaminnaesen/Vault/avo2-components/src/components/Avatar/AvatarIcon.test.tsx","startTime":1562571724333,"status":"passed","summary":""},{"assertionResults":[{"ancestorTitles":["<BlockIntro />"],"failureMessages":[],"fullName":"<BlockIntro /> Should be able to render","location":null,"status":"passed","title":"Should be able to render"},{"ancestorTitles":["<BlockIntro />"],"failureMessages":[],"fullName":"<BlockIntro /> Should render the title correctly","location":null,"status":"passed","title":"Should render the title correctly"},{"ancestorTitles":["<BlockIntro />"],"failureMessages":[],"fullName":"<BlockIntro /> Should render the subtitle correctly","location":null,"status":"passed","title":"Should render the subtitle correctly"},{"ancestorTitles":["<BlockIntro />"],"failureMessages":[],"fullName":"<BlockIntro /> Should not render the title if none is passed","location":null,"status":"passed","title":"Should not render the title if none is passed"},{"ancestorTitles":["<BlockIntro />"],"failureMessages":[],"fullName":"<BlockIntro /> Should not render the subtitle if none is passed","location":null,"status":"passed","title":"Should not render the subtitle if none is passed"},{"ancestorTitles":["<BlockIntro />"],"failureMessages":[],"fullName":"<BlockIntro /> Should render the subtitle correctly","location":null,"status":"passed","title":"Should render the subtitle correctly"},{"ancestorTitles":["<BlockIntro />"],"failureMessages":[],"fullName":"<BlockIntro /> Should set the correct className","location":null,"status":"passed","title":"Should set the correct className"}],"endTime":1562571724905,"message":"","name":"/Users/benjaminnaesen/Vault/avo2-components/src/components/ContentBlocks/BlockIntro/BlockIntro.test.tsx","startTime":1562571724216,"status":"passed","summary":""},{"assertionResults":[{"ancestorTitles":["<BlockTitleImageText />"],"failureMessages":[],"fullName":"<BlockTitleImageText /> Should be able to render","location":null,"status":"passed","title":"Should be able to render"},{"ancestorTitles":["<BlockTitleImageText />"],"failureMessages":[],"fullName":"<BlockTitleImageText /> Should render the thumbnail slot correctly","location":null,"status":"passed","title":"Should render the thumbnail slot correctly"},{"ancestorTitles":["<BlockTitleImageText />"],"failureMessages":[],"fullName":"<BlockTitleImageText /> Should render the text slot correctly","location":null,"status":"passed","title":"Should render the text slot correctly"},{"ancestorTitles":["<BlockTitleImageText />"],"failureMessages":[],"fullName":"<BlockTitleImageText /> Should set the correct className","location":null,"status":"passed","title":"Should set the correct className"}],"endTime":1562571724925,"message":"","name":"/Users/benjaminnaesen/Vault/avo2-components/src/components/ContentBlocks/BlockTitleImageText/BlockTitleImageText.test.tsx","startTime":1562571724197,"status":"passed","summary":""},{"assertionResults":[{"ancestorTitles":["<BlockText />"],"failureMessages":[],"fullName":"<BlockText /> Should be able to render","location":null,"status":"passed","title":"Should be able to render"},{"ancestorTitles":["<BlockText />"],"failureMessages":[],"fullName":"<BlockText /> Should render the markdown correctly","location":null,"status":"passed","title":"Should render the markdown correctly"},{"ancestorTitles":["<BlockText />"],"failureMessages":[],"fullName":"<BlockText /> Should set the correct className","location":null,"status":"passed","title":"Should set the correct className"}],"endTime":1562571724992,"message":"","name":"/Users/benjaminnaesen/Vault/avo2-components/src/components/ContentBlocks/BlockText/BlockText.test.tsx","startTime":1562571724289,"status":"passed","summary":""},{"assertionResults":[{"ancestorTitles":["<RadioButtonGroup />"],"failureMessages":[],"fullName":"<RadioButtonGroup /> Should be able to render","location":null,"status":"passed","title":"Should be able to render"},{"ancestorTitles":["<RadioButtonGroup />"],"failureMessages":[],"fullName":"<RadioButtonGroup /> Should set the correct className","location":null,"status":"passed","title":"Should set the correct className"},{"ancestorTitles":["<RadioButtonGroup />"],"failureMessages":[],"fullName":"<RadioButtonGroup /> Should set the correct inline className","location":null,"status":"passed","title":"Should set the correct inline className"},{"ancestorTitles":["<RadioButtonGroup />"],"failureMessages":[],"fullName":"<RadioButtonGroup /> Should correctly pass children","location":null,"status":"passed","title":"Should correctly pass children"}],"endTime":1562571725006,"message":"","name":"/Users/benjaminnaesen/Vault/avo2-components/src/components/RadioButtonGroup/RadioButtonGroup.test.tsx","startTime":1562571724381,"status":"passed","summary":""},{"assertionResults":[{"ancestorTitles":["<Column />"],"failureMessages":[],"fullName":"<Column /> Should be able to render","location":null,"status":"passed","title":"Should be able to render"},{"ancestorTitles":["<Column />"],"failureMessages":[],"fullName":"<Column /> Should correctly set the sizing className","location":null,"status":"passed","title":"Should correctly set the sizing className"},{"ancestorTitles":["<Column />"],"failureMessages":[],"fullName":"<Column /> Should correctly pass children","location":null,"status":"passed","title":"Should correctly pass children"}],"endTime":1562571725142,"message":"","name":"/Users/benjaminnaesen/Vault/avo2-components/src/components/Grid/Column.test.tsx","startTime":1562571724683,"status":"passed","summary":""},{"assertionResults":[{"ancestorTitles":["<ToolbarTitle />"],"failureMessages":[],"fullName":"<ToolbarTitle /> Should be able to render","location":null,"status":"passed","title":"Should be able to render"},{"ancestorTitles":["<ToolbarTitle />"],"failureMessages":[],"fullName":"<ToolbarTitle /> Should set the correct className(s)","location":null,"status":"passed","title":"Should set the correct className(s)"},{"ancestorTitles":["<ToolbarTitle />"],"failureMessages":[],"fullName":"<ToolbarTitle /> Should correctly pass children","location":null,"status":"passed","title":"Should correctly pass children"}],"endTime":1562571725152,"message":"","name":"/Users/benjaminnaesen/Vault/avo2-components/src/components/Toolbar/ToolbarTitle.test.tsx","startTime":1562571724741,"status":"passed","summary":""},{"assertionResults":[{"ancestorTitles":["<BlockQuote />"],"failureMessages":[],"fullName":"<BlockQuote /> Should be able to render","location":null,"status":"passed","title":"Should be able to render"},{"ancestorTitles":["<BlockQuote />"],"failureMessages":[],"fullName":"<BlockQuote /> Should render the quote text correctly","location":null,"status":"passed","title":"Should render the quote text correctly"},{"ancestorTitles":["<BlockQuote />"],"failureMessages":[],"fullName":"<BlockQuote /> Should render the avatar correctly","location":null,"status":"passed","title":"Should render the avatar correctly"},{"ancestorTitles":["<BlockQuote />"],"failureMessages":[],"fullName":"<BlockQuote /> Should render the author name correctly","location":null,"status":"passed","title":"Should render the author name correctly"},{"ancestorTitles":["<BlockQuote />"],"failureMessages":[],"fullName":"<BlockQuote /> Should set the correct className","location":null,"status":"passed","title":"Should set the correct className"}],"endTime":1562571725209,"message":"","name":"/Users/benjaminnaesen/Vault/avo2-components/src/components/ContentBlocks/BlockQuote/BlockQuote.test.tsx","startTime":1562571724747,"status":"passed","summary":""},{"assertionResults":[{"ancestorTitles":["<Navbar />"],"failureMessages":[],"fullName":"<Navbar /> Should be able to render","location":null,"status":"passed","title":"Should be able to render"},{"ancestorTitles":["<Navbar />"],"failureMessages":[],"fullName":"<Navbar /> Should set the correct classNames when placement is passed","location":null,"status":"passed","title":"Should set the correct classNames when placement is passed"},{"ancestorTitles":["<Navbar />"],"failureMessages":[],"fullName":"<Navbar /> Should set the correct classNames when position is passed","location":null,"status":"passed","title":"Should set the correct classNames when position is passed"},{"ancestorTitles":["<Navbar />"],"failureMessages":[],"fullName":"<Navbar /> Should set the correct classNames when autoHeight is passed","location":null,"status":"passed","title":"Should set the correct classNames when autoHeight is passed"},{"ancestorTitles":["<Navbar />"],"failureMessages":[],"fullName":"<Navbar /> Should set the correct classNames when background is passed","location":null,"status":"passed","title":"Should set the correct classNames when background is passed"},{"ancestorTitles":["<Navbar />"],"failureMessages":[],"fullName":"<Navbar /> Should correctly pass children","location":null,"status":"passed","title":"Should correctly pass children"}],"endTime":1562571725371,"message":"","name":"/Users/benjaminnaesen/Vault/avo2-components/src/components/Navbar/Navbar.test.tsx","startTime":1562571724882,"status":"passed","summary":""},{"assertionResults":[{"ancestorTitles":["<BlockLinks />"],"failureMessages":[],"fullName":"<BlockLinks /> Should be able to render","location":null,"status":"passed","title":"Should be able to render"},{"ancestorTitles":["<BlockLinks />"],"failureMessages":[],"fullName":"<BlockLinks /> Should render the links correctly","location":null,"status":"passed","title":"Should render the links correctly"},{"ancestorTitles":["<BlockLinks />"],"failureMessages":[],"fullName":"<BlockLinks /> Should set the correct className","location":null,"status":"passed","title":"Should set the correct className"}],"endTime":1562571725371,"message":"","name":"/Users/benjaminnaesen/Vault/avo2-components/src/components/ContentBlocks/BlockLinks/BlockLinks.test.tsx","startTime":1562571724871,"status":"passed","summary":""},{"assertionResults":[{"ancestorTitles":["<Flex />"],"failureMessages":[],"fullName":"<Flex /> Should be able to render","location":null,"status":"passed","title":"Should be able to render"},{"ancestorTitles":["<Flex />"],"failureMessages":[],"fullName":"<Flex /> Should set the correct className","location":null,"status":"passed","title":"Should set the correct className"},{"ancestorTitles":["<Flex />"],"failureMessages":[],"fullName":"<Flex /> Should set the correct className when orientation is passed","location":null,"status":"passed","title":"Should set the correct className when orientation is passed"},{"ancestorTitles":["<Flex />"],"failureMessages":[],"fullName":"<Flex /> Should set the correct className when center is passed","location":null,"status":"passed","title":"Should set the correct className when center is passed"},{"ancestorTitles":["<Flex />"],"failureMessages":[],"fullName":"<Flex /> Should set the correct className when orientation and center are passed","location":null,"status":"passed","title":"Should set the correct className when orientation and center are passed"},{"ancestorTitles":["<Flex />"],"failureMessages":[],"fullName":"<Flex /> Should set the correct className when justify is passed","location":null,"status":"passed","title":"Should set the correct className when justify is passed"},{"ancestorTitles":["<Flex />"],"failureMessages":[],"fullName":"<Flex /> Should set the correct className when spaced is passed (boolean)","location":null,"status":"passed","title":"Should set the correct className when spaced is passed (boolean)"},{"ancestorTitles":["<Flex />"],"failureMessages":[],"fullName":"<Flex /> Should set the correct className when spaced is passed (wide)","location":null,"status":"passed","title":"Should set the correct className when spaced is passed (wide)"},{"ancestorTitles":["<Flex />"],"failureMessages":[],"fullName":"<Flex /> Should set the correct className when no spaced is passed","location":null,"status":"passed","title":"Should set the correct className when no spaced is passed"},{"ancestorTitles":["<Flex />"],"failureMessages":[],"fullName":"<Flex /> Should correctly pass children","location":null,"status":"passed","title":"Should correctly pass children"}],"endTime":1562571725387,"message":"","name":"/Users/benjaminnaesen/Vault/avo2-components/src/components/Flex/Flex.test.tsx","startTime":1562571724824,"status":"passed","summary":""},{"assertionResults":[{"ancestorTitles":["<BlockTitle />"],"failureMessages":[],"fullName":"<BlockTitle /> Should be able to render","location":null,"status":"passed","title":"Should be able to render"},{"ancestorTitles":["<BlockTitle />"],"failureMessages":[],"fullName":"<BlockTitle /> Should render the title correctly","location":null,"status":"passed","title":"Should render the title correctly"},{"ancestorTitles":["<BlockTitle />"],"failureMessages":[],"fullName":"<BlockTitle /> Should set the correct className","location":null,"status":"passed","title":"Should set the correct className"}],"endTime":1562571725388,"message":"","name":"/Users/benjaminnaesen/Vault/avo2-components/src/components/ContentBlocks/BlockTitle/BlockTitle.test.tsx","startTime":1562571724935,"status":"passed","summary":""},{"assertionResults":[{"ancestorTitles":["<BlockVideo />"],"failureMessages":[],"fullName":"<BlockVideo /> Should be able to render","location":null,"status":"passed","title":"Should be able to render"},{"ancestorTitles":["<BlockVideo />"],"failureMessages":[],"fullName":"<BlockVideo /> Should render the video correctly","location":null,"status":"passed","title":"Should render the video correctly"},{"ancestorTitles":["<BlockVideo />"],"failureMessages":[],"fullName":"<BlockVideo /> Should set the correct className","location":null,"status":"passed","title":"Should set the correct className"}],"endTime":1562571725446,"message":"","name":"/Users/benjaminnaesen/Vault/avo2-components/src/components/ContentBlocks/BlockVideo/BlockVideo.test.tsx","startTime":1562571724916,"status":"passed","summary":""},{"assertionResults":[{"ancestorTitles":["<FormGroup />"],"failureMessages":[],"fullName":"<FormGroup /> Should be able to render","location":null,"status":"passed","title":"Should be able to render"},{"ancestorTitles":["<FormGroup />"],"failureMessages":[],"fullName":"<FormGroup /> Should correctly set the className","location":null,"status":"passed","title":"Should correctly set the className"},{"ancestorTitles":["<FormGroup />"],"failureMessages":[],"fullName":"<FormGroup /> Should render a label when it is passed","location":null,"status":"passed","title":"Should render a label when it is passed"},{"ancestorTitles":["<FormGroup />"],"failureMessages":[],"fullName":"<FormGroup /> Should not render a label when none is passed","location":null,"status":"passed","title":"Should not render a label when none is passed"},{"ancestorTitles":["<FormGroup />"],"failureMessages":[],"fullName":"<FormGroup /> Should set className and render an error when it is passed","location":null,"status":"passed","title":"Should set className and render an error when it is passed"},{"ancestorTitles":["<FormGroup />"],"failureMessages":[],"fullName":"<FormGroup /> Should add correct inlineMode class","location":null,"status":"passed","title":"Should add correct inlineMode class"},{"ancestorTitles":["<FormGroup />"],"failureMessages":[],"fullName":"<FormGroup /> Should not set className and not render an error when none is passed","location":null,"status":"passed","title":"Should not set className and not render an error when none is passed"},{"ancestorTitles":["<FormGroup />"],"failureMessages":[],"fullName":"<FormGroup /> Should correctly pass children","location":null,"status":"passed","title":"Should correctly pass children"}],"endTime":1562571725455,"message":"","name":"/Users/benjaminnaesen/Vault/avo2-components/src/components/Form/FormGroup.test.tsx","startTime":1562571724913,"status":"passed","summary":""},{"assertionResults":[{"ancestorTitles":["<Image />"],"failureMessages":[],"fullName":"<Image /> Should be able to render","location":null,"status":"passed","title":"Should be able to render"},{"ancestorTitles":["<Image />"],"failureMessages":[],"fullName":"<Image /> Should set the correct className","location":null,"status":"passed","title":"Should set the correct className"},{"ancestorTitles":["<Image />"],"failureMessages":[],"fullName":"<Image /> Should set the correct className in wide mode","location":null,"status":"passed","title":"Should set the correct className in wide mode"},{"ancestorTitles":["<Image />"],"failureMessages":[],"fullName":"<Image /> Should correctly pass on `src` and `alt` to the <img>","location":null,"status":"passed","title":"Should correctly pass on `src` and `alt` to the <img>"}],"endTime":1562571725518,"message":"","name":"/Users/benjaminnaesen/Vault/avo2-components/src/components/Image/Image.test.tsx","startTime":1562571725010,"status":"passed","summary":""},{"assertionResults":[{"ancestorTitles":["<Avatar />"],"failureMessages":[],"fullName":"<Avatar /> Should be able to render","location":null,"status":"passed","title":"Should be able to render"},{"ancestorTitles":["<Avatar />"],"failureMessages":[],"fullName":"<Avatar /> Should correctly render the name","location":null,"status":"passed","title":"Should correctly render the name"},{"ancestorTitles":["<Avatar />"],"failureMessages":[],"fullName":"<Avatar /> Should correctly render the title","location":null,"status":"passed","title":"Should correctly render the title"},{"ancestorTitles":["<Avatar />"],"failureMessages":[],"fullName":"<Avatar /> Should correctly render a combination of the name & title","location":null,"status":"passed","title":"Should correctly render a combination of the name & title"},{"ancestorTitles":["<Avatar />"],"failureMessages":[],"fullName":"<Avatar /> Should render only the icon when no name or title was passed","location":null,"status":"passed","title":"Should render only the icon when no name or title was passed"},{"ancestorTitles":["<Avatar />"],"failureMessages":[],"fullName":"<Avatar /> Should correctly pass the necessary props to <AvatarIcon />","location":null,"status":"passed","title":"Should correctly pass the necessary props to <AvatarIcon />"}],"endTime":1562571725584,"message":"","name":"/Users/benjaminnaesen/Vault/avo2-components/src/components/Avatar/Avatar.test.tsx","startTime":1562571725022,"status":"passed","summary":""},{"assertionResults":[{"ancestorTitles":["<BlockImage />"],"failureMessages":[],"fullName":"<BlockImage /> Should be able to render","location":null,"status":"passed","title":"Should be able to render"},{"ancestorTitles":["<BlockImage />"],"failureMessages":[],"fullName":"<BlockImage /> Should render the image correctly","location":null,"status":"passed","title":"Should render the image correctly"},{"ancestorTitles":["<BlockImage />"],"failureMessages":[],"fullName":"<BlockImage /> Should set the correct className","location":null,"status":"passed","title":"Should set the correct className"}],"endTime":1562571725704,"message":"","name":"/Users/benjaminnaesen/Vault/avo2-components/src/components/ContentBlocks/BlockImage/BlockImage.test.tsx","startTime":1562571725171,"status":"passed","summary":""},{"assertionResults":[{"ancestorTitles":["<Box />"],"failureMessages":[],"fullName":"<Box /> Should be able to render","location":null,"status":"passed","title":"Should be able to render"},{"ancestorTitles":["<Box />"],"failureMessages":[],"fullName":"<Box /> Should set the correct className","location":null,"status":"passed","title":"Should set the correct className"},{"ancestorTitles":["<Box />"],"failureMessages":[],"fullName":"<Box /> Should set the correct className when passed the `condensed`-prop","location":null,"status":"passed","title":"Should set the correct className when passed the `condensed`-prop"},{"ancestorTitles":["<Box />"],"failureMessages":[],"fullName":"<Box /> Should correctly pass children","location":null,"status":"passed","title":"Should correctly pass children"}],"endTime":1562571725740,"message":"","name":"/Users/benjaminnaesen/Vault/avo2-components/src/components/Box/Box.test.tsx","startTime":1562571725161,"status":"passed","summary":""},{"assertionResults":[{"ancestorTitles":["<Form />"],"failureMessages":[],"fullName":"<Form /> Should be able to render","location":null,"status":"passed","title":"Should be able to render"},{"ancestorTitles":["<Form />"],"failureMessages":[],"fullName":"<Form /> Should correctly set the className","location":null,"status":"passed","title":"Should correctly set the className"},{"ancestorTitles":["<Form />"],"failureMessages":[],"fullName":"<Form /> Should set the correct type className","location":null,"status":"passed","title":"Should set the correct type className"},{"ancestorTitles":["<Form />"],"failureMessages":[],"fullName":"<Form /> Should correctly pass children","location":null,"status":"passed","title":"Should correctly pass children"}],"endTime":1562571725793,"message":"","name":"/Users/benjaminnaesen/Vault/avo2-components/src/components/Form/Form.test.tsx","startTime":1562571725225,"status":"passed","summary":""},{"assertionResults":[{"ancestorTitles":["<Badge />"],"failureMessages":[],"fullName":"<Badge /> Should be able to render","location":null,"status":"passed","title":"Should be able to render"},{"ancestorTitles":["<Badge />"],"failureMessages":[],"fullName":"<Badge /> Should set the correct className","location":null,"status":"passed","title":"Should set the correct className"},{"ancestorTitles":["<Badge />"],"failureMessages":[],"fullName":"<Badge /> Should set the correct className for every type","location":null,"status":"passed","title":"Should set the correct className for every type"},{"ancestorTitles":["<Badge />"],"failureMessages":[],"fullName":"<Badge /> Should render the text correctly","location":null,"status":"passed","title":"Should render the text correctly"}],"endTime":1562571725889,"message":"","name":"/Users/benjaminnaesen/Vault/avo2-components/src/components/Badge/Badge.test.tsx","startTime":1562571725397,"status":"passed","summary":""},{"assertionResults":[{"ancestorTitles":["<BlockSubtitle />"],"failureMessages":[],"fullName":"<BlockSubtitle /> Should be able to render","location":null,"status":"passed","title":"Should be able to render"},{"ancestorTitles":["<BlockSubtitle />"],"failureMessages":[],"fullName":"<BlockSubtitle /> Should render the title correctly","location":null,"status":"passed","title":"Should render the title correctly"},{"ancestorTitles":["<BlockSubtitle />"],"failureMessages":[],"fullName":"<BlockSubtitle /> Should set the correct className","location":null,"status":"passed","title":"Should set the correct className"}],"endTime":1562571725894,"message":"","name":"/Users/benjaminnaesen/Vault/avo2-components/src/components/ContentBlocks/BlockSubtitle/BlockSubtitle.test.tsx","startTime":1562571725391,"status":"passed","summary":""},{"assertionResults":[{"ancestorTitles":["<Grid />"],"failureMessages":[],"fullName":"<Grid /> Should be able to render","location":null,"status":"passed","title":"Should be able to render"},{"ancestorTitles":["<Grid />"],"failureMessages":[],"fullName":"<Grid /> Should correctly set the className","location":null,"status":"passed","title":"Should correctly set the className"},{"ancestorTitles":["<Grid />"],"failureMessages":[],"fullName":"<Grid /> Should correctly pass children","location":null,"status":"passed","title":"Should correctly pass children"}],"endTime":1562571725896,"message":"","name":"/Users/benjaminnaesen/Vault/avo2-components/src/components/Grid/Grid.test.tsx","startTime":1562571725431,"status":"passed","summary":""},{"assertionResults":[{"ancestorTitles":["<Spinner />"],"failureMessages":[],"fullName":"<Spinner /> Should be able to render","location":null,"status":"passed","title":"Should be able to render"},{"ancestorTitles":["<Spinner />"],"failureMessages":[],"fullName":"<Spinner /> Should correctly set the className","location":null,"status":"passed","title":"Should correctly set the className"},{"ancestorTitles":["<Spinner />"],"failureMessages":[],"fullName":"<Spinner /> Should have 12 spinner bars","location":null,"status":"passed","title":"Should have 12 spinner bars"},{"ancestorTitles":["<Spinner />"],"failureMessages":[],"fullName":"<Spinner /> Should be able to render as a large spinner","location":null,"status":"passed","title":"Should be able to render as a large spinner"}],"endTime":1562571725897,"message":"","name":"/Users/benjaminnaesen/Vault/avo2-components/src/components/Spinner/Spinner.test.tsx","startTime":1562571725448,"status":"passed","summary":""},{"assertionResults":[{"ancestorTitles":["<ToolbarItem />"],"failureMessages":[],"fullName":"<ToolbarItem /> Should be able to render","location":null,"status":"passed","title":"Should be able to render"},{"ancestorTitles":["<ToolbarItem />"],"failureMessages":[],"fullName":"<ToolbarItem /> Should set the correct className(s)","location":null,"status":"passed","title":"Should set the correct className(s)"},{"ancestorTitles":["<ToolbarItem />"],"failureMessages":[],"fullName":"<ToolbarItem /> Should correctly pass children","location":null,"status":"passed","title":"Should correctly pass children"}],"endTime":1562571725905,"message":"","name":"/Users/benjaminnaesen/Vault/avo2-components/src/components/Toolbar/ToolbarItem.test.tsx","startTime":1562571725460,"status":"passed","summary":""},{"assertionResults":[{"ancestorTitles":["<ModalBackdrop />"],"failureMessages":[],"fullName":"<ModalBackdrop /> Should be able to render","location":null,"status":"passed","title":"Should be able to render"},{"ancestorTitles":["<ModalBackdrop />"],"failureMessages":[],"fullName":"<ModalBackdrop /> Should set the correct className(s)","location":null,"status":"passed","title":"Should set the correct className(s)"},{"ancestorTitles":["<ModalBackdrop />"],"failureMessages":[],"fullName":"<ModalBackdrop /> Should set the correct className when `visible`","location":null,"status":"passed","title":"Should set the correct className when `visible`"}],"endTime":1562571725917,"message":"","name":"/Users/benjaminnaesen/Vault/avo2-components/src/components/Modal/ModalBackdrop.test.tsx","startTime":1562571725500,"status":"passed","summary":""},{"assertionResults":[{"ancestorTitles":["<Tabs />"],"failureMessages":[],"fullName":"<Tabs /> Should be able to render","location":null,"status":"passed","title":"Should be able to render"},{"ancestorTitles":["<Tabs />"],"failureMessages":[],"fullName":"<Tabs /> Should set the correct className","location":null,"status":"passed","title":"Should set the correct className"},{"ancestorTitles":["<Tabs />"],"failureMessages":[],"fullName":"<Tabs /> Should set the correct className when hasBorder is true","location":null,"status":"passed","title":"Should set the correct className when hasBorder is true"},{"ancestorTitles":["<Tabs />"],"failureMessages":[],"fullName":"<Tabs /> Should set the correct className when hasBorder is false","location":null,"status":"passed","title":"Should set the correct className when hasBorder is false"}],"endTime":1562571728075,"message":"","name":"/Users/benjaminnaesen/Vault/avo2-components/src/components/Tabs/Tabs.test.tsx","startTime":1562571725533,"status":"passed","summary":""}],"wasInterrupted":false}