{"numFailedTestSuites":0,"numFailedTests":0,"numPassedTestSuites":1,"numPassedTests":3,"numPendingTestSuites":0,"numPendingTests":0,"numRuntimeErrorTestSuites":0,"numTodoTests":0,"numTotalTestSuites":1,"numTotalTests":3,"openHandles":[],"snapshot":{"added":0,"didUpdate":false,"failure":false,"filesAdded":0,"filesRemoved":0,"filesRemovedList":[],"filesUnmatched":0,"filesUpdated":0,"matched":0,"total":0,"unchecked":0,"uncheckedKeysByFile":[],"unmatched":0,"updated":0},"startTime":1581933448500,"success":true,"testResults":[{"assertionResults":[{"ancestorTitles":["<BlockProjectsSpotlight />"],"failureMessages":[],"fullName":"<BlockProjectsSpotlight /> Should be able to render","location":null,"status":"passed","title":"Should be able to render"},{"ancestorTitles":["<BlockProjectsSpotlight />"],"failureMessages":[],"fullName":"<BlockProjectsSpotlight /> Should set the correct className","location":null,"status":"passed","title":"Should set the correct className"},{"ancestorTitles":["<BlockProjectsSpotlight />"],"failureMessages":[],"fullName":"<BlockProjectsSpotlight /> Should set the correct title","location":null,"status":"passed","title":"Should set the correct title"}],"endTime":1581933454551,"message":"","name":"C:\\Users\\bert\\Documents\\studiohyperdrive\\repos\\avo2-components\\src\\content-blocks\\BlockProjectsSpotlight\\BlockProjectsSpotlight.test.tsx","startTime":1581933449479,"status":"passed","summary":""}],"wasInterrupted":false}