{"numFailedTestSuites":0,"numFailedTests":0,"numPassedTestSuites":11,"numPassedTests":74,"numPendingTestSuites":0,"numPendingTests":0,"numRuntimeErrorTestSuites":0,"numTodoTests":0,"numTotalTestSuites":11,"numTotalTests":74,"openHandles":[],"snapshot":{"added":0,"didUpdate":false,"failure":false,"filesAdded":0,"filesRemoved":0,"filesUnmatched":0,"filesUpdated":0,"matched":0,"total":0,"unchecked":0,"uncheckedKeysByFile":[],"unmatched":0,"updated":0},"startTime":1559294109666,"success":true,"testResults":[{"assertionResults":[{"ancestorTitles":["<AvatarIcon />"],"failureMessages":[],"fullName":"<AvatarIcon /> Should be able to render","location":null,"status":"passed","title":"Should be able to render"},{"ancestorTitles":["<AvatarIcon />"],"failureMessages":[],"fullName":"<AvatarIcon /> Should correctly set the className","location":null,"status":"passed","title":"Should correctly set the className"},{"ancestorTitles":["<AvatarIcon />"],"failureMessages":[],"fullName":"<AvatarIcon /> Should correctly render the initials","location":null,"status":"passed","title":"Should correctly render the initials"},{"ancestorTitles":["<AvatarIcon />"],"failureMessages":[],"fullName":"<AvatarIcon /> Should be able to render as a small avatar","location":null,"status":"passed","title":"Should be able to render as a small avatar"},{"ancestorTitles":["<AvatarIcon />"],"failureMessages":[],"fullName":"<AvatarIcon /> Should be able to render an image as the avatar","location":null,"status":"passed","title":"Should be able to render an image as the avatar"}],"endTime":1559294113071,"message":"","name":"/Users/enzo/repositories/viaa/avo2-components/src/components/Avatar/AvatarIcon.test.tsx","startTime":1559294111140,"status":"passed","summary":""},{"assertionResults":[{"ancestorTitles":["<Badge />"],"failureMessages":[],"fullName":"<Badge /> Should be able to render","location":null,"status":"passed","title":"Should be able to render"},{"ancestorTitles":["<Badge />"],"failureMessages":[],"fullName":"<Badge /> Should set the correct className","location":null,"status":"passed","title":"Should set the correct className"},{"ancestorTitles":["<Badge />"],"failureMessages":[],"fullName":"<Badge /> Should set the correct className for every type","location":null,"status":"passed","title":"Should set the correct className for every type"},{"ancestorTitles":["<Badge />"],"failureMessages":[],"fullName":"<Badge /> Should render the text correctly","location":null,"status":"passed","title":"Should render the text correctly"}],"endTime":1559294113071,"message":"","name":"/Users/enzo/repositories/viaa/avo2-components/src/components/Badge/Badge.test.tsx","startTime":1559294111121,"status":"passed","summary":""},{"assertionResults":[{"ancestorTitles":["<Avatar />"],"failureMessages":[],"fullName":"<Avatar /> Should be able to render","location":null,"status":"passed","title":"Should be able to render"},{"ancestorTitles":["<Avatar />"],"failureMessages":[],"fullName":"<Avatar /> Should correctly render the name","location":null,"status":"passed","title":"Should correctly render the name"},{"ancestorTitles":["<Avatar />"],"failureMessages":[],"fullName":"<Avatar /> Should correctly render the title","location":null,"status":"passed","title":"Should correctly render the title"},{"ancestorTitles":["<Avatar />"],"failureMessages":[],"fullName":"<Avatar /> Should correctly render a combination of the name & title","location":null,"status":"passed","title":"Should correctly render a combination of the name & title"},{"ancestorTitles":["<Avatar />"],"failureMessages":[],"fullName":"<Avatar /> Should render only the icon when no name or title was passed","location":null,"status":"passed","title":"Should render only the icon when no name or title was passed"},{"ancestorTitles":["<Avatar />"],"failureMessages":[],"fullName":"<Avatar /> Should correctly pass the necessary props to <AvatarIcon />","location":null,"status":"passed","title":"Should correctly pass the necessary props to <AvatarIcon />"}],"endTime":1559294113149,"message":"","name":"/Users/enzo/repositories/viaa/avo2-components/src/components/Avatar/Avatar.test.tsx","startTime":1559294111133,"status":"passed","summary":""},{"assertionResults":[{"ancestorTitles":["<Container />"],"failureMessages":[],"fullName":"<Container /> Should be able to render","location":null,"status":"passed","title":"Should be able to render"},{"ancestorTitles":["<Container />"],"failureMessages":[],"fullName":"<Container /> Should set the correct classNames when in horizontal mode","location":null,"status":"passed","title":"Should set the correct classNames when in horizontal mode"},{"ancestorTitles":["<Container />"],"failureMessages":[],"fullName":"<Container /> Should set the correct classNames when passing `size` in horizontal mode","location":null,"status":"passed","title":"Should set the correct classNames when passing `size` in horizontal mode"},{"ancestorTitles":["<Container />"],"failureMessages":[],"fullName":"<Container /> Should set the correct classNames when in vertical mode","location":null,"status":"passed","title":"Should set the correct classNames when in vertical mode"},{"ancestorTitles":["<Container />"],"failureMessages":[],"fullName":"<Container /> Should set the correct classNames when passing `size` in vertical mode","location":null,"status":"passed","title":"Should set the correct classNames when passing `size` in vertical mode"},{"ancestorTitles":["<Container />"],"failureMessages":[],"fullName":"<Container /> Should be able to have an `alt` background","location":null,"status":"passed","title":"Should be able to have an `alt` background"},{"ancestorTitles":["<Container />"],"failureMessages":[],"fullName":"<Container /> Should be able to have an `inverse` background","location":null,"status":"passed","title":"Should be able to have an `inverse` background"},{"ancestorTitles":["<Container />"],"failureMessages":[],"fullName":"<Container /> Should be able to be rendered with a bottom border","location":null,"status":"passed","title":"Should be able to be rendered with a bottom border"},{"ancestorTitles":["<Container />"],"failureMessages":[],"fullName":"<Container /> Should correctly pass children","location":null,"status":"passed","title":"Should correctly pass children"}],"endTime":1559294113203,"message":"","name":"/Users/enzo/repositories/viaa/avo2-components/src/components/Container/Container.test.tsx","startTime":1559294111131,"status":"passed","summary":""},{"assertionResults":[{"ancestorTitles":["<Grid />"],"failureMessages":[],"fullName":"<Grid /> Should be able to render","location":null,"status":"passed","title":"Should be able to render"},{"ancestorTitles":["<Grid />"],"failureMessages":[],"fullName":"<Grid /> Should correctly set the className","location":null,"status":"passed","title":"Should correctly set the className"},{"ancestorTitles":["<Grid />"],"failureMessages":[],"fullName":"<Grid /> Should correctly pass children","location":null,"status":"passed","title":"Should correctly pass children"}],"endTime":1559294113637,"message":"","name":"/Users/enzo/repositories/viaa/avo2-components/src/components/Grid/Grid.test.tsx","startTime":1559294113091,"status":"passed","summary":""},{"assertionResults":[{"ancestorTitles":["<Spinner />"],"failureMessages":[],"fullName":"<Spinner /> Should be able to render","location":null,"status":"passed","title":"Should be able to render"},{"ancestorTitles":["<Spinner />"],"failureMessages":[],"fullName":"<Spinner /> Should correctly set the className","location":null,"status":"passed","title":"Should correctly set the className"},{"ancestorTitles":["<Spinner />"],"failureMessages":[],"fullName":"<Spinner /> Should have 12 spinner bars","location":null,"status":"passed","title":"Should have 12 spinner bars"},{"ancestorTitles":["<Spinner />"],"failureMessages":[],"fullName":"<Spinner /> Should be able to render as a large spinner","location":null,"status":"passed","title":"Should be able to render as a large spinner"}],"endTime":1559294113675,"message":"","name":"/Users/enzo/repositories/viaa/avo2-components/src/components/Spinner/Spinner.test.tsx","startTime":1559294113172,"status":"passed","summary":""},{"assertionResults":[{"ancestorTitles":["<Button />"],"failureMessages":[],"fullName":"<Button /> Should be able to render","location":null,"status":"passed","title":"Should be able to render"},{"ancestorTitles":["<Button />"],"failureMessages":[],"fullName":"<Button /> Should set the correct className","location":null,"status":"passed","title":"Should set the correct className"},{"ancestorTitles":["<Button />"],"failureMessages":[],"fullName":"<Button /> Should set the correct size className","location":null,"status":"passed","title":"Should set the correct size className"},{"ancestorTitles":["<Button />"],"failureMessages":[],"fullName":"<Button /> Should set the correct type className","location":null,"status":"passed","title":"Should set the correct type className"},{"ancestorTitles":["<Button />"],"failureMessages":[],"fullName":"<Button /> Should be able to render a label","location":null,"status":"passed","title":"Should be able to render a label"},{"ancestorTitles":["<Button />"],"failureMessages":[],"fullName":"<Button /> Should not to render a label when none is passed","location":null,"status":"passed","title":"Should not to render a label when none is passed"},{"ancestorTitles":["<Button />"],"failureMessages":[],"fullName":"<Button /> Should be able to render a label and an icon","location":null,"status":"passed","title":"Should be able to render a label and an icon"},{"ancestorTitles":["<Button />"],"failureMessages":[],"fullName":"<Button /> Should get a special className when only an icon is passed","location":null,"status":"passed","title":"Should get a special className when only an icon is passed"},{"ancestorTitles":["<Button />"],"failureMessages":[],"fullName":"<Button /> Should be able to render an arrow at the end of the button","location":null,"status":"passed","title":"Should be able to render an arrow at the end of the button"},{"ancestorTitles":["<Button />"],"failureMessages":[],"fullName":"<Button /> Should call the `onClick`-handler when clicked","location":null,"status":"passed","title":"Should call the `onClick`-handler when clicked"},{"ancestorTitles":["<Button />"],"failureMessages":[],"fullName":"<Button /> Should pass on the `disabled`-attribute","location":null,"status":"passed","title":"Should pass on the `disabled`-attribute"}],"endTime":1559294113745,"message":"","name":"/Users/enzo/repositories/viaa/avo2-components/src/components/Button/Button.test.tsx","startTime":1559294111132,"status":"passed","summary":""},{"assertionResults":[{"ancestorTitles":["<Blankslate />"],"failureMessages":[],"fullName":"<Blankslate /> Should be able to render","location":null,"status":"passed","title":"Should be able to render"},{"ancestorTitles":["<Blankslate />"],"failureMessages":[],"fullName":"<Blankslate /> Should set the correct className","location":null,"status":"passed","title":"Should set the correct className"},{"ancestorTitles":["<Blankslate />"],"failureMessages":[],"fullName":"<Blankslate /> Should set the correct className when in spacious mode","location":null,"status":"passed","title":"Should set the correct className when in spacious mode"},{"ancestorTitles":["<Blankslate />"],"failureMessages":[],"fullName":"<Blankslate /> Should render the title correctly","location":null,"status":"passed","title":"Should render the title correctly"},{"ancestorTitles":["<Blankslate />"],"failureMessages":[],"fullName":"<Blankslate /> Should render the body correctly","location":null,"status":"passed","title":"Should render the body correctly"},{"ancestorTitles":["<Blankslate />"],"failureMessages":[],"fullName":"<Blankslate /> Should be able to render an icon","location":null,"status":"passed","title":"Should be able to render an icon"},{"ancestorTitles":["<Blankslate />"],"failureMessages":[],"fullName":"<Blankslate /> Should correctly pass children","location":null,"status":"passed","title":"Should correctly pass children"}],"endTime":1559294113747,"message":"","name":"/Users/enzo/repositories/viaa/avo2-components/src/components/Blankslate/Blankslate.test.tsx","startTime":1559294111131,"status":"passed","summary":""},{"assertionResults":[{"ancestorTitles":["<Column />"],"failureMessages":[],"fullName":"<Column /> Should be able to render","location":null,"status":"passed","title":"Should be able to render"},{"ancestorTitles":["<Column />"],"failureMessages":[],"fullName":"<Column /> Should correctly set the sizing className","location":null,"status":"passed","title":"Should correctly set the sizing className"},{"ancestorTitles":["<Column />"],"failureMessages":[],"fullName":"<Column /> Should correctly pass children","location":null,"status":"passed","title":"Should correctly pass children"}],"endTime":1559294113769,"message":"","name":"/Users/enzo/repositories/viaa/avo2-components/src/components/Grid/Column.test.tsx","startTime":1559294113227,"status":"passed","summary":""},{"assertionResults":[{"ancestorTitles":["<Icon />"],"failureMessages":[],"fullName":"<Icon /> Should render when a known icon is passed","location":null,"status":"passed","title":"Should render when a known icon is passed"},{"ancestorTitles":["<Icon />"],"failureMessages":[],"fullName":"<Icon /> Should not render when an unknown icon is passed","location":null,"status":"passed","title":"Should not render when an unknown icon is passed"},{"ancestorTitles":["<Icon />"],"failureMessages":[],"fullName":"<Icon /> Should render icon when name was passed as PascalCase","location":null,"status":"passed","title":"Should render icon when name was passed as PascalCase"},{"ancestorTitles":["<Icon />"],"failureMessages":[],"fullName":"<Icon /> Should render icon when name was passed as kebab-case","location":null,"status":"passed","title":"Should render icon when name was passed as kebab-case"},{"ancestorTitles":["<Icon />"],"failureMessages":[],"fullName":"<Icon /> Should correctly set the className without type","location":null,"status":"passed","title":"Should correctly set the className without type"},{"ancestorTitles":["<Icon />"],"failureMessages":[],"fullName":"<Icon /> Should correctly set the className with type","location":null,"status":"passed","title":"Should correctly set the className with type"},{"ancestorTitles":["<Icon />"],"failureMessages":[],"fullName":"<Icon /> Should correctly set the sizing className","location":null,"status":"passed","title":"Should correctly set the sizing className"}],"endTime":1559294113846,"message":"","name":"/Users/enzo/repositories/viaa/avo2-components/src/components/Icon/Icon.test.tsx","startTime":1559294111131,"status":"passed","summary":""},{"assertionResults":[{"ancestorTitles":["<Pagination />"],"failureMessages":[],"fullName":"<Pagination /> Should be able to render","location":null,"status":"passed","title":"Should be able to render"},{"ancestorTitles":["<Pagination />"],"failureMessages":[],"fullName":"<Pagination /> Should set the correct className","location":null,"status":"passed","title":"Should set the correct className"},{"ancestorTitles":["<Pagination />"],"failureMessages":[],"fullName":"<Pagination /> Should render pages equal to the `displayCount`","location":null,"status":"passed","title":"Should render pages equal to the `displayCount`"},{"ancestorTitles":["<Pagination />"],"failureMessages":[],"fullName":"<Pagination /> Should render pages equal to the `pageCount` if it is less than the `displayCount`","location":null,"status":"passed","title":"Should render pages equal to the `pageCount` if it is less than the `displayCount`"},{"ancestorTitles":["<Pagination />"],"failureMessages":[],"fullName":"<Pagination /> Should render the current page in an active state","location":null,"status":"passed","title":"Should render the current page in an active state"},{"ancestorTitles":["<Pagination />"],"failureMessages":[],"fullName":"<Pagination /> Should correctly set the `initialPage`","location":null,"status":"passed","title":"Should correctly set the `initialPage`"},{"ancestorTitles":["<Pagination />"],"failureMessages":[],"fullName":"<Pagination /> Should render pages padded around the current page based on the `displayCount`","location":null,"status":"passed","title":"Should render pages padded around the current page based on the `displayCount`"},{"ancestorTitles":["<Pagination />"],"failureMessages":[],"fullName":"<Pagination /> Should render the first x pages when the current page is lower than the `displayCount`","location":null,"status":"passed","title":"Should render the first x pages when the current page is lower than the `displayCount`"},{"ancestorTitles":["<Pagination />"],"failureMessages":[],"fullName":"<Pagination /> Should render the last x pages when if the currentPage is equal less than the `pageCount` minus the `displayCount`","location":null,"status":"passed","title":"Should render the last x pages when if the currentPage is equal less than the `pageCount` minus the `displayCount`"},{"ancestorTitles":["<Pagination />"],"failureMessages":[],"fullName":"<Pagination /> Should call `onPageChange` when changing pages internally","location":null,"status":"passed","title":"Should call `onPageChange` when changing pages internally"},{"ancestorTitles":["<Pagination />"],"failureMessages":[],"fullName":"<Pagination /> Should not call `onPageChange` when changing page to the current page","location":null,"status":"passed","title":"Should not call `onPageChange` when changing page to the current page"},{"ancestorTitles":["<Pagination />"],"failureMessages":[],"fullName":"<Pagination /> Should be able to jump to the previous page","location":null,"status":"passed","title":"Should be able to jump to the previous page"},{"ancestorTitles":["<Pagination />"],"failureMessages":[],"fullName":"<Pagination /> Should be able to jump to the next page","location":null,"status":"passed","title":"Should be able to jump to the next page"},{"ancestorTitles":["<Pagination />"],"failureMessages":[],"fullName":"<Pagination /> Should be able to jump to the first page","location":null,"status":"passed","title":"Should be able to jump to the first page"},{"ancestorTitles":["<Pagination />"],"failureMessages":[],"fullName":"<Pagination /> Should be able to jump to the last page","location":null,"status":"passed","title":"Should be able to jump to the last page"}],"endTime":1559294114132,"message":"","name":"/Users/enzo/repositories/viaa/avo2-components/src/components/Pagination/Pagination.test.tsx","startTime":1559294113098,"status":"passed","summary":""}],"wasInterrupted":false}