{"numFailedTestSuites":0,"numFailedTests":0,"numPassedTestSuites":1,"numPassedTests":5,"numPendingTestSuites":0,"numPendingTests":0,"numRuntimeErrorTestSuites":0,"numTodoTests":0,"numTotalTestSuites":1,"numTotalTests":5,"openHandles":[],"snapshot":{"added":0,"didUpdate":false,"failure":false,"filesAdded":0,"filesRemoved":0,"filesUnmatched":0,"filesUpdated":0,"matched":0,"total":0,"unchecked":0,"uncheckedKeysByFile":[],"unmatched":0,"updated":0},"startTime":1569521206767,"success":true,"testResults":[{"assertionResults":[{"ancestorTitles":["<DateTimePicker />"],"failureMessages":[],"fullName":"<DateTimePicker /> Should be able to render","location":null,"status":"passed","title":"Should be able to render"},{"ancestorTitles":["<DateTimePicker />"],"failureMessages":[],"fullName":"<DateTimePicker /> Should set the correct className","location":null,"status":"passed","title":"Should set the correct className"},{"ancestorTitles":["<DateTimePicker />"],"failureMessages":[],"fullName":"<DateTimePicker /> Should pass on the id","location":null,"status":"passed","title":"Should pass on the id"},{"ancestorTitles":["<DateTimePicker />"],"failureMessages":[],"fullName":"<DateTimePicker /> Should be able to set the disabled state","location":null,"status":"passed","title":"Should be able to set the disabled state"},{"ancestorTitles":["<DateTimePicker />"],"failureMessages":[],"fullName":"<DateTimePicker /> Should be able to set an initial value","location":null,"status":"passed","title":"Should be able to set an initial value"}],"endTime":1569521211636,"message":"","name":"C:\\Users\\bert\\Documents\\studiohyperdrive\\repos\\avo2-components\\src\\components\\DateTimePicker\\DateTimePicker.test.tsx","startTime":1569521207768,"status":"passed","summary":""}],"wasInterrupted":false}