{"numFailedTestSuites":0,"numFailedTests":0,"numPassedTestSuites":1,"numPassedTests":2,"numPendingTestSuites":0,"numPendingTests":0,"numRuntimeErrorTestSuites":0,"numTodoTests":0,"numTotalTestSuites":1,"numTotalTests":2,"openHandles":[],"snapshot":{"added":0,"didUpdate":false,"failure":false,"filesAdded":0,"filesRemoved":0,"filesRemovedList":[],"filesUnmatched":0,"filesUpdated":0,"matched":0,"total":0,"unchecked":0,"uncheckedKeysByFile":[],"unmatched":0,"updated":0},"startTime":1579531501195,"success":true,"testResults":[{"assertionResults":[{"ancestorTitles":["<WYSIWYG />"],"failureMessages":[],"fullName":"<WYSIWYG /> Should be able to render","location":null,"status":"passed","title":"Should be able to render"},{"ancestorTitles":["<WYSIWYG />"],"failureMessages":[],"fullName":"<WYSIWYG /> Should correctly pass on `id`","location":null,"status":"passed","title":"Should correctly pass on `id`"}],"endTime":1579531506325,"message":"","name":"C:\\Users\\bert\\Documents\\studiohyperdrive\\repos\\avo2-components\\src\\components\\WYSIWYG\\WYSIWYG.test.tsx","startTime":1579531501967,"status":"passed","summary":""}],"wasInterrupted":false}