{"numFailedTestSuites":0,"numFailedTests":0,"numPassedTestSuites":1,"numPassedTests":6,"numPendingTestSuites":0,"numPendingTests":0,"numRuntimeErrorTestSuites":0,"numTodoTests":0,"numTotalTestSuites":1,"numTotalTests":6,"openHandles":[],"snapshot":{"added":0,"didUpdate":false,"failure":false,"filesAdded":0,"filesRemoved":0,"filesUnmatched":0,"filesUpdated":0,"matched":0,"total":0,"unchecked":0,"uncheckedKeysByFile":[],"unmatched":0,"updated":0},"startTime":1574248652195,"success":true,"testResults":[{"assertionResults":[{"ancestorTitles":["<DatePicker />"],"failureMessages":[],"fullName":"<DatePicker /> Should be able to render","location":null,"status":"passed","title":"Should be able to render"},{"ancestorTitles":["<DatePicker />"],"failureMessages":[],"fullName":"<DatePicker /> Should set the correct className","location":null,"status":"passed","title":"Should set the correct className"},{"ancestorTitles":["<DatePicker />"],"failureMessages":[],"fullName":"<DatePicker /> Should be able to set the disabled state","location":null,"status":"passed","title":"Should be able to set the disabled state"},{"ancestorTitles":["<DatePicker />"],"failureMessages":[],"fullName":"<DatePicker /> Should be able to set an initial value","location":null,"status":"passed","title":"Should be able to set an initial value"},{"ancestorTitles":["<DatePicker />"],"failureMessages":[],"fullName":"<DatePicker /> Should be able to set a placeholder value","location":null,"status":"passed","title":"Should be able to set a placeholder value"},{"ancestorTitles":["<DatePicker />"],"failureMessages":[],"fullName":"<DatePicker /> Should call the onChange handler when the input changes","location":null,"status":"passed","title":"Should call the onChange handler when the input changes"}],"endTime":1574248660305,"message":"","name":"C:\\Users\\bert\\Documents\\studiohyperdrive\\repos\\avo2-components\\src\\components\\DatePicker\\DatePicker.test.tsx","startTime":1574248653483,"status":"passed","summary":""}],"wasInterrupted":false}