{"numFailedTestSuites":12,"numFailedTests":1,"numPassedTestSuites":23,"numPassedTests":134,"numPendingTestSuites":0,"numPendingTests":0,"numRuntimeErrorTestSuites":11,"numTodoTests":0,"numTotalTestSuites":35,"numTotalTests":135,"openHandles":[],"snapshot":{"added":0,"didUpdate":false,"failure":false,"filesAdded":0,"filesRemoved":0,"filesUnmatched":0,"filesUpdated":0,"matched":0,"total":0,"unchecked":0,"uncheckedKeysByFile":[],"unmatched":0,"updated":0},"startTime":1561028643401,"success":false,"testResults":[{"assertionResults":[{"ancestorTitles":["useKeyPress"],"failureMessages":[],"fullName":"useKeyPress Should call onPressDown when pressing target key","location":null,"status":"passed","title":"Should call onPressDown when pressing target key"},{"ancestorTitles":["useKeyPress"],"failureMessages":[],"fullName":"useKeyPress Should call onPressUp when releasing target key","location":null,"status":"passed","title":"Should call onPressUp when releasing target key"},{"ancestorTitles":["useKeyPress"],"failureMessages":[],"fullName":"useKeyPress Should not call onPressDown when pressing a key that is not the target key","location":null,"status":"passed","title":"Should not call onPressDown when pressing a key that is not the target key"},{"ancestorTitles":["useKeyPress"],"failureMessages":[],"fullName":"useKeyPress Should not call onPressUp when releasing a key that is not the target key","location":null,"status":"passed","title":"Should not call onPressUp when releasing a key that is not the target key"}],"endTime":1561028658316,"message":"","name":"C:\\Users\\bert\\Documents\\studiohyperdrive\\repos\\avo2-components\\src\\hooks\\useKeypress.test.tsx","startTime":1561028645898,"status":"passed","summary":""},{"assertionResults":[],"coverage":{},"endTime":1561028670957,"message":"  \u001b[1m● \u001b[22mTest suite failed to run\n\n    UNKNOWN: unknown error, open 'C:\\Users\\bert\\AppData\\Local\\Temp\\jest\\ts-jest\\9e\\a68571a604d6ae58bcd8deb867485165c46a52\\935e7d0a9b2cb386d47794aca41044761844b7c4.js'\n\n      \u001b[2mat Object.compile (\u001b[22mnode_modules/ts-jest/dist/compiler.js\u001b[2m:210:14)\u001b[22m\n      \u001b[2mat TsJestTransformer.process (\u001b[22mnode_modules/ts-jest/dist/ts-jest-transformer.js\u001b[2m:101:41)\u001b[22m\n      \u001b[2mat ScriptTransformer.transformSource (\u001b[22mnode_modules/@jest/transform/build/ScriptTransformer.js\u001b[2m:387:35)\u001b[22m\n      \u001b[2mat ScriptTransformer._transformAndBuildScript (\u001b[22mnode_modules/@jest/transform/build/ScriptTransformer.js\u001b[2m:457:40)\u001b[22m\n      \u001b[2mat ScriptTransformer.transform (\u001b[22mnode_modules/@jest/transform/build/ScriptTransformer.js\u001b[2m:513:25)\u001b[22m\n","name":"C:\\Users\\bert\\Documents\\studiohyperdrive\\repos\\avo2-components\\src\\components\\Blankslate\\Blankslate.test.tsx","startTime":1561028670957,"status":"failed","summary":""},{"assertionResults":[{"ancestorTitles":["<Select />"],"failureMessages":[],"fullName":"<Select /> Should be able to render","location":null,"status":"passed","title":"Should be able to render"},{"ancestorTitles":["<Select />"],"failureMessages":[],"fullName":"<Select /> Should set the correct className","location":null,"status":"passed","title":"Should set the correct className"},{"ancestorTitles":["<Select />"],"failureMessages":[],"fullName":"<Select /> Should correctly render the given options","location":null,"status":"passed","title":"Should correctly render the given options"},{"ancestorTitles":["<Select />"],"failureMessages":[],"fullName":"<Select /> Should pass on the id","location":null,"status":"passed","title":"Should pass on the id"},{"ancestorTitles":["<Select />"],"failureMessages":[],"fullName":"<Select /> Should be able to set the disabled state","location":null,"status":"passed","title":"Should be able to set the disabled state"},{"ancestorTitles":["<Select />"],"failureMessages":[],"fullName":"<Select /> Should be able to set an initial value","location":null,"status":"passed","title":"Should be able to set an initial value"},{"ancestorTitles":["<Select />"],"failureMessages":[],"fullName":"<Select /> Should call the onChange handler when the select option changes","location":null,"status":"passed","title":"Should call the onChange handler when the select option changes"}],"endTime":1561028660703,"message":"","name":"C:\\Users\\bert\\Documents\\studiohyperdrive\\repos\\avo2-components\\src\\components\\Select\\Select.test.tsx","startTime":1561028658355,"status":"passed","summary":""},{"assertionResults":[],"coverage":{},"endTime":1561028670957,"message":"  \u001b[1m● \u001b[22mTest suite failed to run\n\n    UNKNOWN: unknown error, open 'C:\\Users\\bert\\AppData\\Local\\Temp\\jest\\ts-jest\\9e\\a68571a604d6ae58bcd8deb867485165c46a52\\7a55b2aa94ab899d98aa398114187ad9f37f1d90.js'\n\n      \u001b[2mat Object.compile (\u001b[22mnode_modules/ts-jest/dist/compiler.js\u001b[2m:210:14)\u001b[22m\n      \u001b[2mat TsJestTransformer.process (\u001b[22mnode_modules/ts-jest/dist/ts-jest-transformer.js\u001b[2m:101:41)\u001b[22m\n      \u001b[2mat ScriptTransformer.transformSource (\u001b[22mnode_modules/@jest/transform/build/ScriptTransformer.js\u001b[2m:387:35)\u001b[22m\n      \u001b[2mat ScriptTransformer._transformAndBuildScript (\u001b[22mnode_modules/@jest/transform/build/ScriptTransformer.js\u001b[2m:457:40)\u001b[22m\n      \u001b[2mat ScriptTransformer.transform (\u001b[22mnode_modules/@jest/transform/build/ScriptTransformer.js\u001b[2m:513:25)\u001b[22m\n","name":"C:\\Users\\bert\\Documents\\studiohyperdrive\\repos\\avo2-components\\src\\components\\MediaCard\\MediaCard.test.tsx","startTime":1561028670957,"status":"failed","summary":""},{"assertionResults":[],"coverage":{},"endTime":1561028670957,"message":"  \u001b[1m● \u001b[22mTest suite failed to run\n\n    UNKNOWN: unknown error, open 'C:\\Users\\bert\\AppData\\Local\\Temp\\jest\\ts-jest\\9e\\a68571a604d6ae58bcd8deb867485165c46a52\\9252d16ffbaf4ba4659b39ed5a3d2b7c79bc7afe.js'\n\n      \u001b[2mat Object.compile (\u001b[22mnode_modules/ts-jest/dist/compiler.js\u001b[2m:210:14)\u001b[22m\n      \u001b[2mat TsJestTransformer.process (\u001b[22mnode_modules/ts-jest/dist/ts-jest-transformer.js\u001b[2m:101:41)\u001b[22m\n      \u001b[2mat ScriptTransformer.transformSource (\u001b[22mnode_modules/@jest/transform/build/ScriptTransformer.js\u001b[2m:387:35)\u001b[22m\n      \u001b[2mat ScriptTransformer._transformAndBuildScript (\u001b[22mnode_modules/@jest/transform/build/ScriptTransformer.js\u001b[2m:457:40)\u001b[22m\n      \u001b[2mat ScriptTransformer.transform (\u001b[22mnode_modules/@jest/transform/build/ScriptTransformer.js\u001b[2m:513:25)\u001b[22m\n","name":"C:\\Users\\bert\\Documents\\studiohyperdrive\\repos\\avo2-components\\src\\components\\Pagination\\Pagination.test.tsx","startTime":1561028670957,"status":"failed","summary":""},{"assertionResults":[],"coverage":{},"endTime":1561028670957,"message":"  \u001b[1m● \u001b[22mTest suite failed to run\n\n    UNKNOWN: unknown error, open 'C:\\Users\\bert\\AppData\\Local\\Temp\\jest\\ts-jest\\9e\\a68571a604d6ae58bcd8deb867485165c46a52\\9252d16ffbaf4ba4659b39ed5a3d2b7c79bc7afe.js'\n\n      \u001b[2mat Object.compile (\u001b[22mnode_modules/ts-jest/dist/compiler.js\u001b[2m:210:14)\u001b[22m\n      \u001b[2mat TsJestTransformer.process (\u001b[22mnode_modules/ts-jest/dist/ts-jest-transformer.js\u001b[2m:101:41)\u001b[22m\n      \u001b[2mat ScriptTransformer.transformSource (\u001b[22mnode_modules/@jest/transform/build/ScriptTransformer.js\u001b[2m:387:35)\u001b[22m\n      \u001b[2mat ScriptTransformer._transformAndBuildScript (\u001b[22mnode_modules/@jest/transform/build/ScriptTransformer.js\u001b[2m:457:40)\u001b[22m\n      \u001b[2mat ScriptTransformer.transform (\u001b[22mnode_modules/@jest/transform/build/ScriptTransformer.js\u001b[2m:513:25)\u001b[22m\n","name":"C:\\Users\\bert\\Documents\\studiohyperdrive\\repos\\avo2-components\\src\\components\\Thumbnail\\Thumbnail.test.tsx","startTime":1561028670957,"status":"failed","summary":""},{"assertionResults":[],"coverage":{},"endTime":1561028670957,"message":"  \u001b[1m● \u001b[22mTest suite failed to run\n\n    UNKNOWN: unknown error, open 'C:\\Users\\bert\\AppData\\Local\\Temp\\jest\\ts-jest\\9e\\a68571a604d6ae58bcd8deb867485165c46a52\\14908016d18a3dc6637475070d50c05391374790.js'\n\n      \u001b[2mat Object.compile (\u001b[22mnode_modules/ts-jest/dist/compiler.js\u001b[2m:210:14)\u001b[22m\n      \u001b[2mat TsJestTransformer.process (\u001b[22mnode_modules/ts-jest/dist/ts-jest-transformer.js\u001b[2m:101:41)\u001b[22m\n      \u001b[2mat ScriptTransformer.transformSource (\u001b[22mnode_modules/@jest/transform/build/ScriptTransformer.js\u001b[2m:387:35)\u001b[22m\n      \u001b[2mat ScriptTransformer._transformAndBuildScript (\u001b[22mnode_modules/@jest/transform/build/ScriptTransformer.js\u001b[2m:457:40)\u001b[22m\n      \u001b[2mat ScriptTransformer.transform (\u001b[22mnode_modules/@jest/transform/build/ScriptTransformer.js\u001b[2m:513:25)\u001b[22m\n","name":"C:\\Users\\bert\\Documents\\studiohyperdrive\\repos\\avo2-components\\src\\components\\Dropdown\\Dropdown.test.tsx","startTime":1561028670957,"status":"failed","summary":""},{"assertionResults":[],"coverage":{},"endTime":1561028670957,"message":"  \u001b[1m● \u001b[22mTest suite failed to run\n\n    UNKNOWN: unknown error, open 'C:\\Users\\bert\\AppData\\Local\\Temp\\jest\\ts-jest\\9e\\a68571a604d6ae58bcd8deb867485165c46a52\\b132e879e6872afc0c7e4d1617f6e53d1464fe5c.js'\n\n      \u001b[2mat Object.compile (\u001b[22mnode_modules/ts-jest/dist/compiler.js\u001b[2m:210:14)\u001b[22m\n      \u001b[2mat TsJestTransformer.process (\u001b[22mnode_modules/ts-jest/dist/ts-jest-transformer.js\u001b[2m:101:41)\u001b[22m\n      \u001b[2mat ScriptTransformer.transformSource (\u001b[22mnode_modules/@jest/transform/build/ScriptTransformer.js\u001b[2m:387:35)\u001b[22m\n      \u001b[2mat ScriptTransformer._transformAndBuildScript (\u001b[22mnode_modules/@jest/transform/build/ScriptTransformer.js\u001b[2m:457:40)\u001b[22m\n      \u001b[2mat ScriptTransformer.transform (\u001b[22mnode_modules/@jest/transform/build/ScriptTransformer.js\u001b[2m:513:25)\u001b[22m\n","name":"C:\\Users\\bert\\Documents\\studiohyperdrive\\repos\\avo2-components\\src\\components\\Icon\\Icon.test.tsx","startTime":1561028670957,"status":"failed","summary":""},{"assertionResults":[],"coverage":{},"endTime":1561028670957,"message":"  \u001b[1m● \u001b[22mTest suite failed to run\n\n    UNKNOWN: unknown error, open 'C:\\Users\\bert\\AppData\\Local\\Temp\\jest\\ts-jest\\9e\\a68571a604d6ae58bcd8deb867485165c46a52\\d9fde62c3d901631f49f30a91908643082a1f782.js'\n\n      \u001b[2mat Object.compile (\u001b[22mnode_modules/ts-jest/dist/compiler.js\u001b[2m:210:14)\u001b[22m\n      \u001b[2mat TsJestTransformer.process (\u001b[22mnode_modules/ts-jest/dist/ts-jest-transformer.js\u001b[2m:101:41)\u001b[22m\n      \u001b[2mat ScriptTransformer.transformSource (\u001b[22mnode_modules/@jest/transform/build/ScriptTransformer.js\u001b[2m:387:35)\u001b[22m\n      \u001b[2mat ScriptTransformer._transformAndBuildScript (\u001b[22mnode_modules/@jest/transform/build/ScriptTransformer.js\u001b[2m:457:40)\u001b[22m\n      \u001b[2mat ScriptTransformer.transform (\u001b[22mnode_modules/@jest/transform/build/ScriptTransformer.js\u001b[2m:513:25)\u001b[22m\n","name":"C:\\Users\\bert\\Documents\\studiohyperdrive\\repos\\avo2-components\\src\\components\\MetaData\\MetaData.test.tsx","startTime":1561028670957,"status":"failed","summary":""},{"assertionResults":[],"coverage":{},"endTime":1561028670957,"message":"  \u001b[1m● \u001b[22mTest suite failed to run\n\n    UNKNOWN: unknown error, open 'C:\\Users\\bert\\AppData\\Local\\Temp\\jest\\ts-jest\\9e\\a68571a604d6ae58bcd8deb867485165c46a52\\d9fde62c3d901631f49f30a91908643082a1f782.js'\n\n      \u001b[2mat Object.compile (\u001b[22mnode_modules/ts-jest/dist/compiler.js\u001b[2m:210:14)\u001b[22m\n      \u001b[2mat TsJestTransformer.process (\u001b[22mnode_modules/ts-jest/dist/ts-jest-transformer.js\u001b[2m:101:41)\u001b[22m\n      \u001b[2mat ScriptTransformer.transformSource (\u001b[22mnode_modules/@jest/transform/build/ScriptTransformer.js\u001b[2m:387:35)\u001b[22m\n      \u001b[2mat ScriptTransformer._transformAndBuildScript (\u001b[22mnode_modules/@jest/transform/build/ScriptTransformer.js\u001b[2m:457:40)\u001b[22m\n      \u001b[2mat ScriptTransformer.transform (\u001b[22mnode_modules/@jest/transform/build/ScriptTransformer.js\u001b[2m:513:25)\u001b[22m\n","name":"C:\\Users\\bert\\Documents\\studiohyperdrive\\repos\\avo2-components\\src\\components\\Modal\\Modal.test.tsx","startTime":1561028670957,"status":"failed","summary":""},{"assertionResults":[],"coverage":{},"endTime":1561028670957,"message":"  \u001b[1m● \u001b[22mTest suite failed to run\n\n    UNKNOWN: unknown error, open 'C:\\Users\\bert\\AppData\\Local\\Temp\\jest\\ts-jest\\9e\\a68571a604d6ae58bcd8deb867485165c46a52\\9a6461e12db90473c802117a82f8523c89e8538f.js'\n\n      \u001b[2mat Object.compile (\u001b[22mnode_modules/ts-jest/dist/compiler.js\u001b[2m:210:14)\u001b[22m\n      \u001b[2mat TsJestTransformer.process (\u001b[22mnode_modules/ts-jest/dist/ts-jest-transformer.js\u001b[2m:101:41)\u001b[22m\n      \u001b[2mat ScriptTransformer.transformSource (\u001b[22mnode_modules/@jest/transform/build/ScriptTransformer.js\u001b[2m:387:35)\u001b[22m\n      \u001b[2mat ScriptTransformer._transformAndBuildScript (\u001b[22mnode_modules/@jest/transform/build/ScriptTransformer.js\u001b[2m:457:40)\u001b[22m\n      \u001b[2mat ScriptTransformer.transform (\u001b[22mnode_modules/@jest/transform/build/ScriptTransformer.js\u001b[2m:513:25)\u001b[22m\n","name":"C:\\Users\\bert\\Documents\\studiohyperdrive\\repos\\avo2-components\\src\\components\\TagList\\TagList.test.tsx","startTime":1561028670957,"status":"failed","summary":""},{"assertionResults":[],"coverage":{},"endTime":1561028670957,"message":"  \u001b[1m● \u001b[22mTest suite failed to run\n\n    UNKNOWN: unknown error, open 'C:\\Users\\bert\\AppData\\Local\\Temp\\jest\\ts-jest\\9e\\a68571a604d6ae58bcd8deb867485165c46a52\\8ff272ff3f169870d1dc3ffecbff5afbc54797a6.js'\n\n      \u001b[2mat Object.compile (\u001b[22mnode_modules/ts-jest/dist/compiler.js\u001b[2m:210:14)\u001b[22m\n      \u001b[2mat TsJestTransformer.process (\u001b[22mnode_modules/ts-jest/dist/ts-jest-transformer.js\u001b[2m:101:41)\u001b[22m\n      \u001b[2mat ScriptTransformer.transformSource (\u001b[22mnode_modules/@jest/transform/build/ScriptTransformer.js\u001b[2m:387:35)\u001b[22m\n      \u001b[2mat ScriptTransformer._transformAndBuildScript (\u001b[22mnode_modules/@jest/transform/build/ScriptTransformer.js\u001b[2m:457:40)\u001b[22m\n      \u001b[2mat ScriptTransformer.transform (\u001b[22mnode_modules/@jest/transform/build/ScriptTransformer.js\u001b[2m:513:25)\u001b[22m\n","name":"C:\\Users\\bert\\Documents\\studiohyperdrive\\repos\\avo2-components\\src\\components\\MetaDataItem\\MetaDataItem.test.tsx","startTime":1561028670957,"status":"failed","summary":""},{"assertionResults":[],"coverage":{},"endTime":1561028670957,"message":"  \u001b[1m● \u001b[22mTest suite failed to run\n\n    UNKNOWN: unknown error, open 'C:\\Users\\bert\\AppData\\Local\\Temp\\jest\\ts-jest\\9e\\a68571a604d6ae58bcd8deb867485165c46a52\\8ff272ff3f169870d1dc3ffecbff5afbc54797a6.js'\n\n      \u001b[2mat Object.compile (\u001b[22mnode_modules/ts-jest/dist/compiler.js\u001b[2m:210:14)\u001b[22m\n      \u001b[2mat TsJestTransformer.process (\u001b[22mnode_modules/ts-jest/dist/ts-jest-transformer.js\u001b[2m:101:41)\u001b[22m\n      \u001b[2mat ScriptTransformer.transformSource (\u001b[22mnode_modules/@jest/transform/build/ScriptTransformer.js\u001b[2m:387:35)\u001b[22m\n      \u001b[2mat ScriptTransformer._transformAndBuildScript (\u001b[22mnode_modules/@jest/transform/build/ScriptTransformer.js\u001b[2m:457:40)\u001b[22m\n      \u001b[2mat ScriptTransformer.transform (\u001b[22mnode_modules/@jest/transform/build/ScriptTransformer.js\u001b[2m:513:25)\u001b[22m\n","name":"C:\\Users\\bert\\Documents\\studiohyperdrive\\repos\\avo2-components\\src\\components\\ToggleButton\\ToggleButton.test.tsx","startTime":1561028670957,"status":"failed","summary":""},{"assertionResults":[{"ancestorTitles":["useDeselectEvent"],"failureMessages":[],"fullName":"useDeselectEvent Should call `onDeselect` when selecting a radio button with the same `name` and a different `value`","location":null,"status":"passed","title":"Should call `onDeselect` when selecting a radio button with the same `name` and a different `value`"},{"ancestorTitles":["useDeselectEvent"],"failureMessages":[],"fullName":"useDeselectEvent Should not call `onDeselect` when selecting the current radio button","location":null,"status":"passed","title":"Should not call `onDeselect` when selecting the current radio button"},{"ancestorTitles":["useDeselectEvent"],"failureMessages":[],"fullName":"useDeselectEvent Should not call `onDeselect` when selecting a radio button with a different `name`","location":null,"status":"passed","title":"Should not call `onDeselect` when selecting a radio button with a different `name`"}],"endTime":1561028666255,"message":"","name":"C:\\Users\\bert\\Documents\\studiohyperdrive\\repos\\avo2-components\\src\\hooks\\useDeselectEvent.test.tsx","startTime":1561028664064,"status":"passed","summary":""},{"assertionResults":[{"ancestorTitles":["<FormGroup />"],"failureMessages":[],"fullName":"<FormGroup /> Should be able to render","location":null,"status":"passed","title":"Should be able to render"},{"ancestorTitles":["<FormGroup />"],"failureMessages":[],"fullName":"<FormGroup /> Should correctly set the className","location":null,"status":"passed","title":"Should correctly set the className"},{"ancestorTitles":["<FormGroup />"],"failureMessages":[],"fullName":"<FormGroup /> Should render a label when it is passed","location":null,"status":"passed","title":"Should render a label when it is passed"},{"ancestorTitles":["<FormGroup />"],"failureMessages":[],"fullName":"<FormGroup /> Should not render a label when none is passed","location":null,"status":"passed","title":"Should not render a label when none is passed"},{"ancestorTitles":["<FormGroup />"],"failureMessages":[],"fullName":"<FormGroup /> Should set className and render an error when it is passed","location":null,"status":"passed","title":"Should set className and render an error when it is passed"},{"ancestorTitles":["<FormGroup />"],"failureMessages":[],"fullName":"<FormGroup /> Should add correct inlineMode class","location":null,"status":"passed","title":"Should add correct inlineMode class"},{"ancestorTitles":["<FormGroup />"],"failureMessages":[],"fullName":"<FormGroup /> Should not set className and not render an error when none is passed","location":null,"status":"passed","title":"Should not set className and not render an error when none is passed"},{"ancestorTitles":["<FormGroup />"],"failureMessages":[],"fullName":"<FormGroup /> Should correctly pass children","location":null,"status":"passed","title":"Should correctly pass children"}],"endTime":1561028666438,"message":"","name":"C:\\Users\\bert\\Documents\\studiohyperdrive\\repos\\avo2-components\\src\\components\\Form\\FormGroup.test.tsx","startTime":1561028664385,"status":"passed","summary":""},{"assertionResults":[{"ancestorTitles":["<Avatar />"],"failureMessages":[],"fullName":"<Avatar /> Should be able to render","location":null,"status":"passed","title":"Should be able to render"},{"ancestorTitles":["<Avatar />"],"failureMessages":[],"fullName":"<Avatar /> Should correctly render the name","location":null,"status":"passed","title":"Should correctly render the name"},{"ancestorTitles":["<Avatar />"],"failureMessages":[],"fullName":"<Avatar /> Should correctly render the title","location":null,"status":"passed","title":"Should correctly render the title"},{"ancestorTitles":["<Avatar />"],"failureMessages":[],"fullName":"<Avatar /> Should correctly render a combination of the name & title","location":null,"status":"passed","title":"Should correctly render a combination of the name & title"},{"ancestorTitles":["<Avatar />"],"failureMessages":[],"fullName":"<Avatar /> Should render only the icon when no name or title was passed","location":null,"status":"passed","title":"Should render only the icon when no name or title was passed"},{"ancestorTitles":["<Avatar />"],"failureMessages":[],"fullName":"<Avatar /> Should correctly pass the necessary props to <AvatarIcon />","location":null,"status":"passed","title":"Should correctly pass the necessary props to <AvatarIcon />"}],"endTime":1561028666726,"message":"","name":"C:\\Users\\bert\\Documents\\studiohyperdrive\\repos\\avo2-components\\src\\components\\Avatar\\Avatar.test.tsx","startTime":1561028665518,"status":"passed","summary":""},{"assertionResults":[{"ancestorTitles":["<Navbar />"],"failureMessages":[],"fullName":"<Navbar /> Should be able to render","location":null,"status":"passed","title":"Should be able to render"},{"ancestorTitles":["<Navbar />"],"failureMessages":[],"fullName":"<Navbar /> Should set the correct classNames when placement is passed","location":null,"status":"passed","title":"Should set the correct classNames when placement is passed"},{"ancestorTitles":["<Navbar />"],"failureMessages":[],"fullName":"<Navbar /> Should set the correct classNames when position is passed","location":null,"status":"passed","title":"Should set the correct classNames when position is passed"},{"ancestorTitles":["<Navbar />"],"failureMessages":[],"fullName":"<Navbar /> Should set the correct classNames when autoHeight is passed","location":null,"status":"passed","title":"Should set the correct classNames when autoHeight is passed"},{"ancestorTitles":["<Navbar />"],"failureMessages":[],"fullName":"<Navbar /> Should set the correct classNames when background is passed","location":null,"status":"passed","title":"Should set the correct classNames when background is passed"},{"ancestorTitles":["<Navbar />"],"failureMessages":[],"fullName":"<Navbar /> Should correctly pass children","location":null,"status":"passed","title":"Should correctly pass children"}],"endTime":1561028667059,"message":"","name":"C:\\Users\\bert\\Documents\\studiohyperdrive\\repos\\avo2-components\\src\\components\\Navbar\\Navbar.test.tsx","startTime":1561028665524,"status":"passed","summary":""},{"assertionResults":[{"ancestorTitles":["<RadioButton />"],"failureMessages":[],"fullName":"<RadioButton /> Should be able to render","location":null,"status":"passed","title":"Should be able to render"},{"ancestorTitles":["<RadioButton />"],"failureMessages":[],"fullName":"<RadioButton /> Should set the correct className","location":null,"status":"passed","title":"Should set the correct className"},{"ancestorTitles":["<RadioButton />"],"failureMessages":[],"fullName":"<RadioButton /> Should be able to render with id correctly set","location":null,"status":"passed","title":"Should be able to render with id correctly set"},{"ancestorTitles":["<RadioButton />"],"failureMessages":[],"fullName":"<RadioButton /> Should be able to render with name correctly set","location":null,"status":"passed","title":"Should be able to render with name correctly set"},{"ancestorTitles":["<RadioButton />"],"failureMessages":[],"fullName":"<RadioButton /> Should be able to render with label correctly set","location":null,"status":"passed","title":"Should be able to render with label correctly set"},{"ancestorTitles":["<RadioButton />"],"failureMessages":[],"fullName":"<RadioButton /> Should be able to render without an id","location":null,"status":"passed","title":"Should be able to render without an id"},{"ancestorTitles":["<RadioButton />"],"failureMessages":[],"fullName":"<RadioButton /> Should set the defaultChecked-prop as the initial state","location":null,"status":"passed","title":"Should set the defaultChecked-prop as the initial state"},{"ancestorTitles":["<RadioButton />"],"failureMessages":[],"fullName":"<RadioButton /> Should have a default value of false for the checked-state","location":null,"status":"passed","title":"Should have a default value of false for the checked-state"},{"ancestorTitles":["<RadioButton />"],"failureMessages":[],"fullName":"<RadioButton /> Should call `onChange` when toggling radio button","location":null,"status":"passed","title":"Should call `onChange` when toggling radio button"}],"endTime":1561028667062,"message":"","name":"C:\\Users\\bert\\Documents\\studiohyperdrive\\repos\\avo2-components\\src\\components\\RadioButton\\RadioButton.test.tsx","startTime":1561028665695,"status":"passed","summary":""},{"assertionResults":[{"ancestorTitles":["<CheckboxGroup />"],"failureMessages":[],"fullName":"<CheckboxGroup /> Should be able to render","location":null,"status":"passed","title":"Should be able to render"},{"ancestorTitles":["<CheckboxGroup />"],"failureMessages":[],"fullName":"<CheckboxGroup /> Should set the correct className","location":null,"status":"passed","title":"Should set the correct className"},{"ancestorTitles":["<CheckboxGroup />"],"failureMessages":[],"fullName":"<CheckboxGroup /> Should set the correct className when passing inline option","location":null,"status":"passed","title":"Should set the correct className when passing inline option"},{"ancestorTitles":["<CheckboxGroup />"],"failureMessages":[],"fullName":"<CheckboxGroup /> Should correctly pass children","location":null,"status":"passed","title":"Should correctly pass children"}],"endTime":1561028667128,"message":"","name":"C:\\Users\\bert\\Documents\\studiohyperdrive\\repos\\avo2-components\\src\\components\\CheckboxGroup\\CheckboxGroup.test.tsx","startTime":1561028665551,"status":"passed","summary":""},{"assertionResults":[{"ancestorTitles":["<Grid />"],"failureMessages":[],"fullName":"<Grid /> Should be able to render","location":null,"status":"passed","title":"Should be able to render"},{"ancestorTitles":["<Grid />"],"failureMessages":[],"fullName":"<Grid /> Should correctly set the className","location":null,"status":"passed","title":"Should correctly set the className"},{"ancestorTitles":["<Grid />"],"failureMessages":[],"fullName":"<Grid /> Should correctly pass children","location":null,"status":"passed","title":"Should correctly pass children"}],"endTime":1561028667296,"message":"","name":"C:\\Users\\bert\\Documents\\studiohyperdrive\\repos\\avo2-components\\src\\components\\Grid\\Grid.test.tsx","startTime":1561028665710,"status":"passed","summary":""},{"assertionResults":[{"ancestorTitles":["<Badge />"],"failureMessages":[],"fullName":"<Badge /> Should be able to render","location":null,"status":"passed","title":"Should be able to render"},{"ancestorTitles":["<Badge />"],"failureMessages":[],"fullName":"<Badge /> Should set the correct className","location":null,"status":"passed","title":"Should set the correct className"},{"ancestorTitles":["<Badge />"],"failureMessages":[],"fullName":"<Badge /> Should set the correct className for every type","location":null,"status":"passed","title":"Should set the correct className for every type"},{"ancestorTitles":["<Badge />"],"failureMessages":[],"fullName":"<Badge /> Should render the text correctly","location":null,"status":"passed","title":"Should render the text correctly"}],"endTime":1561028667450,"message":"","name":"C:\\Users\\bert\\Documents\\studiohyperdrive\\repos\\avo2-components\\src\\components\\Badge\\Badge.test.tsx","startTime":1561028666501,"status":"passed","summary":""},{"assertionResults":[{"ancestorTitles":["<Checkbox />"],"failureMessages":[],"fullName":"<Checkbox /> Should be able to render","location":null,"status":"passed","title":"Should be able to render"},{"ancestorTitles":["<Checkbox />"],"failureMessages":[],"fullName":"<Checkbox /> Should set the correct className","location":null,"status":"passed","title":"Should set the correct className"},{"ancestorTitles":["<Checkbox />"],"failureMessages":[],"fullName":"<Checkbox /> Should correctly render `label`","location":null,"status":"passed","title":"Should correctly render `label`"},{"ancestorTitles":["<Checkbox />"],"failureMessages":[],"fullName":"<Checkbox /> Should correctly render `checked state`","location":null,"status":"passed","title":"Should correctly render `checked state`"},{"ancestorTitles":["<Checkbox />"],"failureMessages":[],"fullName":"<Checkbox /> Should correctly render `id`","location":null,"status":"passed","title":"Should correctly render `id`"},{"ancestorTitles":["<Checkbox />"],"failureMessages":[],"fullName":"<Checkbox /> Should be able to render without `id`","location":null,"status":"passed","title":"Should be able to render without `id`"},{"ancestorTitles":["<Checkbox />"],"failureMessages":[],"fullName":"<Checkbox /> Should be able to set the disabled state","location":null,"status":"passed","title":"Should be able to set the disabled state"},{"ancestorTitles":["<Checkbox />"],"failureMessages":[],"fullName":"<Checkbox /> Should call `onChange` when toggling checkbox","location":null,"status":"passed","title":"Should call `onChange` when toggling checkbox"}],"endTime":1561028667457,"message":"","name":"C:\\Users\\bert\\Documents\\studiohyperdrive\\repos\\avo2-components\\src\\components\\Checkbox\\Checkbox.test.tsx","startTime":1561028666288,"status":"passed","summary":""},{"assertionResults":[{"ancestorTitles":["<Spinner />"],"failureMessages":[],"fullName":"<Spinner /> Should be able to render","location":null,"status":"passed","title":"Should be able to render"},{"ancestorTitles":["<Spinner />"],"failureMessages":[],"fullName":"<Spinner /> Should correctly set the className","location":null,"status":"passed","title":"Should correctly set the className"},{"ancestorTitles":["<Spinner />"],"failureMessages":[],"fullName":"<Spinner /> Should have 12 spinner bars","location":null,"status":"passed","title":"Should have 12 spinner bars"},{"ancestorTitles":["<Spinner />"],"failureMessages":[],"fullName":"<Spinner /> Should be able to render as a large spinner","location":null,"status":"passed","title":"Should be able to render as a large spinner"}],"endTime":1561028667839,"message":"","name":"C:\\Users\\bert\\Documents\\studiohyperdrive\\repos\\avo2-components\\src\\components\\Spinner\\Spinner.test.tsx","startTime":1561028666756,"status":"passed","summary":""},{"assertionResults":[{"ancestorTitles":["<AvatarIcon />"],"failureMessages":[],"fullName":"<AvatarIcon /> Should be able to render","location":null,"status":"passed","title":"Should be able to render"},{"ancestorTitles":["<AvatarIcon />"],"failureMessages":[],"fullName":"<AvatarIcon /> Should correctly set the className","location":null,"status":"passed","title":"Should correctly set the className"},{"ancestorTitles":["<AvatarIcon />"],"failureMessages":[],"fullName":"<AvatarIcon /> Should correctly render the initials","location":null,"status":"passed","title":"Should correctly render the initials"},{"ancestorTitles":["<AvatarIcon />"],"failureMessages":[],"fullName":"<AvatarIcon /> Should be able to render as a small avatar","location":null,"status":"passed","title":"Should be able to render as a small avatar"},{"ancestorTitles":["<AvatarIcon />"],"failureMessages":[],"fullName":"<AvatarIcon /> Should be able to render an image as the avatar","location":null,"status":"passed","title":"Should be able to render an image as the avatar"}],"endTime":1561028668103,"message":"","name":"C:\\Users\\bert\\Documents\\studiohyperdrive\\repos\\avo2-components\\src\\components\\Avatar\\AvatarIcon.test.tsx","startTime":1561028667163,"status":"passed","summary":""},{"assertionResults":[{"ancestorTitles":["<Column />"],"failureMessages":[],"fullName":"<Column /> Should be able to render","location":null,"status":"passed","title":"Should be able to render"},{"ancestorTitles":["<Column />"],"failureMessages":[],"fullName":"<Column /> Should correctly set the sizing className","location":null,"status":"passed","title":"Should correctly set the sizing className"},{"ancestorTitles":["<Column />"],"failureMessages":[],"fullName":"<Column /> Should correctly pass children","location":null,"status":"passed","title":"Should correctly pass children"}],"endTime":1561028668121,"message":"","name":"C:\\Users\\bert\\Documents\\studiohyperdrive\\repos\\avo2-components\\src\\components\\Grid\\Column.test.tsx","startTime":1561028667088,"status":"passed","summary":""},{"assertionResults":[{"ancestorTitles":["<ModalBackdrop />"],"failureMessages":[],"fullName":"<ModalBackdrop /> Should be able to render","location":null,"status":"passed","title":"Should be able to render"},{"ancestorTitles":["<ModalBackdrop />"],"failureMessages":[],"fullName":"<ModalBackdrop /> Should set the correct className(s)","location":null,"status":"passed","title":"Should set the correct className(s)"},{"ancestorTitles":["<ModalBackdrop />"],"failureMessages":[],"fullName":"<ModalBackdrop /> Should set the correct className when `visible`","location":null,"status":"passed","title":"Should set the correct className when `visible`"}],"endTime":1561028668364,"message":"","name":"C:\\Users\\bert\\Documents\\studiohyperdrive\\repos\\avo2-components\\src\\components\\Modal\\ModalBackdrop.test.tsx","startTime":1561028667328,"status":"passed","summary":""},{"assertionResults":[{"ancestorTitles":["<Container />"],"failureMessages":[],"fullName":"<Container /> Should be able to render","location":null,"status":"passed","title":"Should be able to render"},{"ancestorTitles":["<Container />"],"failureMessages":[],"fullName":"<Container /> Should set the correct classNames when in horizontal mode","location":null,"status":"passed","title":"Should set the correct classNames when in horizontal mode"},{"ancestorTitles":["<Container />"],"failureMessages":[],"fullName":"<Container /> Should set the correct classNames when passing `size` in horizontal mode","location":null,"status":"passed","title":"Should set the correct classNames when passing `size` in horizontal mode"},{"ancestorTitles":["<Container />"],"failureMessages":[],"fullName":"<Container /> Should set the correct classNames when in vertical mode","location":null,"status":"passed","title":"Should set the correct classNames when in vertical mode"},{"ancestorTitles":["<Container />"],"failureMessages":[],"fullName":"<Container /> Should set the correct classNames when passing `size` in vertical mode","location":null,"status":"passed","title":"Should set the correct classNames when passing `size` in vertical mode"},{"ancestorTitles":["<Container />"],"failureMessages":[],"fullName":"<Container /> Should be able to have an `alt` background","location":null,"status":"passed","title":"Should be able to have an `alt` background"},{"ancestorTitles":["<Container />"],"failureMessages":[],"fullName":"<Container /> Should be able to have an `inverse` background","location":null,"status":"passed","title":"Should be able to have an `inverse` background"},{"ancestorTitles":["<Container />"],"failureMessages":[],"fullName":"<Container /> Should be able to be rendered with a bottom border","location":null,"status":"passed","title":"Should be able to be rendered with a bottom border"},{"ancestorTitles":["<Container />"],"failureMessages":[],"fullName":"<Container /> Should correctly pass children","location":null,"status":"passed","title":"Should correctly pass children"}],"endTime":1561028668419,"message":"","name":"C:\\Users\\bert\\Documents\\studiohyperdrive\\repos\\avo2-components\\src\\components\\Container\\Container.test.tsx","startTime":1561028667092,"status":"passed","summary":""},{"assertionResults":[{"ancestorTitles":["<Form />"],"failureMessages":[],"fullName":"<Form /> Should be able to render","location":null,"status":"passed","title":"Should be able to render"},{"ancestorTitles":["<Form />"],"failureMessages":[],"fullName":"<Form /> Should correctly set the className","location":null,"status":"passed","title":"Should correctly set the className"},{"ancestorTitles":["<Form />"],"failureMessages":[],"fullName":"<Form /> Should set the correct type className","location":null,"status":"passed","title":"Should set the correct type className"},{"ancestorTitles":["<Form />"],"failureMessages":[],"fullName":"<Form /> Should correctly pass children","location":null,"status":"passed","title":"Should correctly pass children"}],"endTime":1561028668489,"message":"","name":"C:\\Users\\bert\\Documents\\studiohyperdrive\\repos\\avo2-components\\src\\components\\Form\\Form.test.tsx","startTime":1561028667490,"status":"passed","summary":""},{"assertionResults":[{"ancestorTitles":["<Image />"],"failureMessages":[],"fullName":"<Image /> Should be able to render","location":null,"status":"passed","title":"Should be able to render"},{"ancestorTitles":["<Image />"],"failureMessages":[],"fullName":"<Image /> Should set the correct className","location":null,"status":"passed","title":"Should set the correct className"},{"ancestorTitles":["<Image />"],"failureMessages":[],"fullName":"<Image /> Should set the correct className in wide mode","location":null,"status":"passed","title":"Should set the correct className in wide mode"},{"ancestorTitles":["<Image />"],"failureMessages":[],"fullName":"<Image /> Should correctly pass on `src` and `alt` to the <img>","location":null,"status":"passed","title":"Should correctly pass on `src` and `alt` to the <img>"}],"endTime":1561028668566,"message":"","name":"C:\\Users\\bert\\Documents\\studiohyperdrive\\repos\\avo2-components\\src\\components\\Image\\Image.test.tsx","startTime":1561028667483,"status":"passed","summary":""},{"assertionResults":[{"ancestorTitles":["<Box />"],"failureMessages":[],"fullName":"<Box /> Should be able to render","location":null,"status":"passed","title":"Should be able to render"},{"ancestorTitles":["<Box />"],"failureMessages":[],"fullName":"<Box /> Should set the correct className","location":null,"status":"passed","title":"Should set the correct className"},{"ancestorTitles":["<Box />"],"failureMessages":[],"fullName":"<Box /> Should set the correct className when passed the `condensed`-prop","location":null,"status":"passed","title":"Should set the correct className when passed the `condensed`-prop"},{"ancestorTitles":["<Box />"],"failureMessages":[],"fullName":"<Box /> Should correctly pass children","location":null,"status":"passed","title":"Should correctly pass children"}],"endTime":1561028668709,"message":"","name":"C:\\Users\\bert\\Documents\\studiohyperdrive\\repos\\avo2-components\\src\\components\\Box\\Box.test.tsx","startTime":1561028667867,"status":"passed","summary":""},{"assertionResults":[{"ancestorTitles":["<DatePicker />"],"failureMessages":[],"fullName":"<DatePicker /> Should be able to render","location":null,"status":"passed","title":"Should be able to render"},{"ancestorTitles":["<DatePicker />"],"failureMessages":[],"fullName":"<DatePicker /> Should set the correct className","location":null,"status":"passed","title":"Should set the correct className"},{"ancestorTitles":["<DatePicker />"],"failureMessages":[],"fullName":"<DatePicker /> Should pass on the id","location":null,"status":"passed","title":"Should pass on the id"},{"ancestorTitles":["<DatePicker />"],"failureMessages":[],"fullName":"<DatePicker /> Should be able to set the disabled state","location":null,"status":"passed","title":"Should be able to set the disabled state"},{"ancestorTitles":["<DatePicker />"],"failureMessages":[],"fullName":"<DatePicker /> Should be able to set an initial value","location":null,"status":"passed","title":"Should be able to set an initial value"},{"ancestorTitles":["<DatePicker />"],"failureMessages":[],"fullName":"<DatePicker /> Should be able to set a placeholder value","location":null,"status":"passed","title":"Should be able to set a placeholder value"},{"ancestorTitles":["<DatePicker />"],"failureMessages":[],"fullName":"<DatePicker /> Should call the onChange handler when the input changes","location":null,"status":"passed","title":"Should call the onChange handler when the input changes"}],"endTime":1561028669345,"message":"","name":"C:\\Users\\bert\\Documents\\studiohyperdrive\\repos\\avo2-components\\src\\components\\DatePicker\\DatePicker.test.tsx","startTime":1561028661738,"status":"passed","summary":""},{"assertionResults":[{"ancestorTitles":["<Button />"],"failureMessages":[],"fullName":"<Button /> Should be able to render","location":null,"status":"passed","title":"Should be able to render"},{"ancestorTitles":["<Button />"],"failureMessages":[],"fullName":"<Button /> Should set the correct className","location":null,"status":"passed","title":"Should set the correct className"},{"ancestorTitles":["<Button />"],"failureMessages":[],"fullName":"<Button /> Should set the correct size className","location":null,"status":"passed","title":"Should set the correct size className"},{"ancestorTitles":["<Button />"],"failureMessages":[],"fullName":"<Button /> Should set the correct width className when passing block option","location":null,"status":"passed","title":"Should set the correct width className when passing block option"},{"ancestorTitles":["<Button />"],"failureMessages":[],"fullName":"<Button /> Should set the correct type className","location":null,"status":"passed","title":"Should set the correct type className"},{"ancestorTitles":["<Button />"],"failureMessages":[],"fullName":"<Button /> Should be able to render a label","location":null,"status":"passed","title":"Should be able to render a label"},{"ancestorTitles":["<Button />"],"failureMessages":[],"fullName":"<Button /> Should not to render a label when none is passed","location":null,"status":"passed","title":"Should not to render a label when none is passed"},{"ancestorTitles":["<Button />"],"failureMessages":[],"fullName":"<Button /> Should be able to render a label and an icon","location":null,"status":"passed","title":"Should be able to render a label and an icon"},{"ancestorTitles":["<Button />"],"failureMessages":[],"fullName":"<Button /> Should get a special className when only an icon is passed","location":null,"status":"passed","title":"Should get a special className when only an icon is passed"},{"ancestorTitles":["<Button />"],"failureMessages":[],"fullName":"<Button /> Should be able to render an arrow at the end of the button","location":null,"status":"passed","title":"Should be able to render an arrow at the end of the button"},{"ancestorTitles":["<Button />"],"failureMessages":[],"fullName":"<Button /> Should call the `onClick`-handler when clicked","location":null,"status":"passed","title":"Should call the `onClick`-handler when clicked"},{"ancestorTitles":["<Button />"],"failureMessages":[],"fullName":"<Button /> Should pass on the `disabled`-attribute","location":null,"status":"passed","title":"Should pass on the `disabled`-attribute"},{"ancestorTitles":["<Button />"],"failureMessages":[],"fullName":"<Button /> Should set the correct classNames when `active` is passed","location":null,"status":"passed","title":"Should set the correct classNames when `active` is passed"},{"ancestorTitles":["<Button />"],"failureMessages":[],"fullName":"<Button /> Should pass on the `active`-prop to the button icon","location":null,"status":"passed","title":"Should pass on the `active`-prop to the button icon"}],"endTime":1561028669406,"message":"","name":"C:\\Users\\bert\\Documents\\studiohyperdrive\\repos\\avo2-components\\src\\components\\Button\\Button.test.tsx","startTime":1561028660257,"status":"passed","summary":""},{"assertionResults":[{"ancestorTitles":["<TextInput />"],"failureMessages":[],"fullName":"<TextInput /> Should be able to render","location":null,"status":"passed","title":"Should be able to render"},{"ancestorTitles":["<TextInput />"],"failureMessages":[],"fullName":"<TextInput /> Should set the correct className","location":null,"status":"passed","title":"Should set the correct className"},{"ancestorTitles":["<TextInput />"],"failureMessages":[],"fullName":"<TextInput /> Should pass on the id","location":null,"status":"passed","title":"Should pass on the id"},{"ancestorTitles":["<TextInput />"],"failureMessages":[],"fullName":"<TextInput /> Should be able to set the disabled state","location":null,"status":"passed","title":"Should be able to set the disabled state"},{"ancestorTitles":["<TextInput />"],"failureMessages":[],"fullName":"<TextInput /> Should be able to set the placeholder value","location":null,"status":"passed","title":"Should be able to set the placeholder value"},{"ancestorTitles":["<TextInput />"],"failureMessages":[],"fullName":"<TextInput /> Should be able to set an initial value","location":null,"status":"passed","title":"Should be able to set an initial value"},{"ancestorTitles":["<TextInput />"],"failureMessages":[],"fullName":"<TextInput /> Should be able to render with an icon","location":null,"status":"passed","title":"Should be able to render with an icon"},{"ancestorTitles":["<TextInput />"],"failureMessages":[],"fullName":"<TextInput /> Should call the onChange handler when the input changes","location":null,"status":"passed","title":"Should call the onChange handler when the input changes"}],"endTime":1561028669539,"message":"","name":"C:\\Users\\bert\\Documents\\studiohyperdrive\\repos\\avo2-components\\src\\components\\TextInput\\TextInput.test.tsx","startTime":1561028645895,"status":"passed","summary":""},{"assertionResults":[{"ancestorTitles":["<RadioButtonGroup />"],"failureMessages":[],"fullName":"<RadioButtonGroup /> Should be able to render","location":null,"status":"passed","title":"Should be able to render"},{"ancestorTitles":["<RadioButtonGroup />"],"failureMessages":[],"fullName":"<RadioButtonGroup /> Should set the correct className","location":null,"status":"passed","title":"Should set the correct className"},{"ancestorTitles":["<RadioButtonGroup />"],"failureMessages":[],"fullName":"<RadioButtonGroup /> Should set the correct inline className","location":null,"status":"passed","title":"Should set the correct inline className"},{"ancestorTitles":["<RadioButtonGroup />"],"failureMessages":[],"fullName":"<RadioButtonGroup /> Should correctly pass children","location":null,"status":"passed","title":"Should correctly pass children"}],"endTime":1561028670039,"message":"","name":"C:\\Users\\bert\\Documents\\studiohyperdrive\\repos\\avo2-components\\src\\components\\RadioButtonGroup\\RadioButtonGroup.test.tsx","startTime":1561028645883,"status":"passed","summary":""},{"assertionResults":[{"ancestorTitles":["<SearchResult />"],"failureMessages":[],"fullName":"<SearchResult /> Should be able to render","location":null,"status":"passed","title":"Should be able to render"},{"ancestorTitles":["<SearchResult />"],"failureMessages":["Error: Method “hasClass” is meant to be run on 1 node. 0 found instead.\n    at ShallowWrapper.single (C:\\Users\\bert\\Documents\\studiohyperdrive\\repos\\avo2-components\\node_modules\\enzyme\\build\\ShallowWrapper.js:1958:17)\n    at ShallowWrapper.hasClass (C:\\Users\\bert\\Documents\\studiohyperdrive\\repos\\avo2-components\\node_modules\\enzyme\\build\\ShallowWrapper.js:1572:21)\n    at Object.<anonymous> (C:\\Users\\bert\\Documents\\studiohyperdrive\\repos\\avo2-components\\src\\components\\SearchResult\\SearchResult.test.tsx:37:30)\n    at Object.asyncJestTest (C:\\Users\\bert\\Documents\\studiohyperdrive\\repos\\avo2-components\\node_modules\\jest-jasmine2\\build\\jasmineAsyncInstall.js:102:37)\n    at resolve (C:\\Users\\bert\\Documents\\studiohyperdrive\\repos\\avo2-components\\node_modules\\jest-jasmine2\\build\\queueRunner.js:43:12)\n    at new Promise (<anonymous>)\n    at mapper (C:\\Users\\bert\\Documents\\studiohyperdrive\\repos\\avo2-components\\node_modules\\jest-jasmine2\\build\\queueRunner.js:26:19)\n    at promise.then (C:\\Users\\bert\\Documents\\studiohyperdrive\\repos\\avo2-components\\node_modules\\jest-jasmine2\\build\\queueRunner.js:73:41)\n    at process._tickCallback (internal/process/next_tick.js:68:7)"],"fullName":"<SearchResult /> Should set the correct className","location":null,"status":"failed","title":"Should set the correct className"},{"ancestorTitles":["<SearchResult />"],"failureMessages":[],"fullName":"<SearchResult /> Should render Thumbnail component","location":null,"status":"passed","title":"Should render Thumbnail component"},{"ancestorTitles":["<SearchResult />"],"failureMessages":[],"fullName":"<SearchResult /> Should correctly set the title link","location":null,"status":"passed","title":"Should correctly set the title link"}],"endTime":1561028670837,"message":"\u001b[1m\u001b[31m  \u001b[1m● \u001b[1m<SearchResult /> › Should set the correct className\u001b[39m\u001b[22m\n\n    Method “hasClass” is meant to be run on 1 node. 0 found instead.\n\u001b[2m\u001b[22m\n\u001b[2m    \u001b[0m \u001b[90m 35 | \u001b[39m\t\t\u001b[36mconst\u001b[39m searchResultElement \u001b[33m=\u001b[39m searchResultComponent\u001b[33m.\u001b[39mfind(\u001b[32m`#${fakeSearchResult.pid}`\u001b[39m)\u001b[33m;\u001b[39m\u001b[0m\u001b[22m\n\u001b[2m    \u001b[0m \u001b[90m 36 | \u001b[39m\u001b[0m\u001b[22m\n\u001b[2m    \u001b[0m\u001b[31m\u001b[1m>\u001b[2m\u001b[39m\u001b[90m 37 | \u001b[39m\t\texpect(searchResultElement\u001b[33m.\u001b[39mhasClass(\u001b[32m'c-search-result'\u001b[39m))\u001b[33m.\u001b[39mtoEqual(\u001b[36mtrue\u001b[39m)\u001b[33m;\u001b[39m\u001b[0m\u001b[22m\n\u001b[2m    \u001b[0m \u001b[90m    | \u001b[39m\t\t                           \u001b[31m\u001b[1m^\u001b[2m\u001b[39m\u001b[0m\u001b[22m\n\u001b[2m    \u001b[0m \u001b[90m 38 | \u001b[39m\t})\u001b[33m;\u001b[39m\u001b[0m\u001b[22m\n\u001b[2m    \u001b[0m \u001b[90m 39 | \u001b[39m\u001b[0m\u001b[22m\n\u001b[2m    \u001b[0m \u001b[90m 40 | \u001b[39m\tit(\u001b[32m'Should render Thumbnail component'\u001b[39m\u001b[33m,\u001b[39m () \u001b[33m=>\u001b[39m {\u001b[0m\u001b[22m\n\u001b[2m\u001b[22m\n\u001b[2m      \u001b[2mat ShallowWrapper.single (\u001b[2mnode_modules/enzyme/build/ShallowWrapper.js\u001b[2m:1958:17)\u001b[2m\u001b[22m\n\u001b[2m      \u001b[2mat ShallowWrapper.hasClass (\u001b[2mnode_modules/enzyme/build/ShallowWrapper.js\u001b[2m:1572:21)\u001b[2m\u001b[22m\n\u001b[2m      \u001b[2mat Object.<anonymous> (\u001b[2m\u001b[0m\u001b[36msrc/components/SearchResult/SearchResult.test.tsx\u001b[39m\u001b[0m\u001b[2m:37:30)\u001b[2m\u001b[22m\n","name":"C:\\Users\\bert\\Documents\\studiohyperdrive\\repos\\avo2-components\\src\\components\\SearchResult\\SearchResult.test.tsx","startTime":1561028668136,"status":"failed","summary":""}],"wasInterrupted":false}