{"numFailedTestSuites":0,"numFailedTests":0,"numPassedTestSuites":9,"numPassedTests":48,"numPendingTestSuites":0,"numPendingTests":0,"numRuntimeErrorTestSuites":0,"numTodoTests":0,"numTotalTestSuites":9,"numTotalTests":48,"openHandles":[],"snapshot":{"added":0,"didUpdate":false,"failure":false,"filesAdded":0,"filesRemoved":0,"filesUnmatched":0,"filesUpdated":0,"matched":0,"total":0,"unchecked":0,"uncheckedKeysByFile":[],"unmatched":0,"updated":0},"startTime":1559142386792,"success":true,"testResults":[{"assertionResults":[{"ancestorTitles":["<Column />"],"failureMessages":[],"fullName":"<Column /> Should be able to render","location":null,"status":"passed","title":"Should be able to render"},{"ancestorTitles":["<Column />"],"failureMessages":[],"fullName":"<Column /> Should correctly set the sizing className","location":null,"status":"passed","title":"Should correctly set the sizing className"},{"ancestorTitles":["<Column />"],"failureMessages":[],"fullName":"<Column /> Should correctly pass children","location":null,"status":"passed","title":"Should correctly pass children"}],"endTime":1559142390428,"message":"","name":"/Users/enzo/repositories/viaa/avo2-components/src/components/Grid/Column.test.tsx","startTime":1559142388495,"status":"passed","summary":""},{"assertionResults":[{"ancestorTitles":["<AvatarIcon />"],"failureMessages":[],"fullName":"<AvatarIcon /> Should be able to render","location":null,"status":"passed","title":"Should be able to render"},{"ancestorTitles":["<AvatarIcon />"],"failureMessages":[],"fullName":"<AvatarIcon /> Should correctly set the className","location":null,"status":"passed","title":"Should correctly set the className"},{"ancestorTitles":["<AvatarIcon />"],"failureMessages":[],"fullName":"<AvatarIcon /> Should correctly render the initials","location":null,"status":"passed","title":"Should correctly render the initials"},{"ancestorTitles":["<AvatarIcon />"],"failureMessages":[],"fullName":"<AvatarIcon /> Should be able to render as a small avatar","location":null,"status":"passed","title":"Should be able to render as a small avatar"},{"ancestorTitles":["<AvatarIcon />"],"failureMessages":[],"fullName":"<AvatarIcon /> Should be able to render an image as the avatar","location":null,"status":"passed","title":"Should be able to render an image as the avatar"}],"endTime":1559142390437,"message":"","name":"/Users/enzo/repositories/viaa/avo2-components/src/components/Avatar/AvatarIcon.test.tsx","startTime":1559142388495,"status":"passed","summary":""},{"assertionResults":[{"ancestorTitles":["<Spinner />"],"failureMessages":[],"fullName":"<Spinner /> Should be able to render","location":null,"status":"passed","title":"Should be able to render"},{"ancestorTitles":["<Spinner />"],"failureMessages":[],"fullName":"<Spinner /> Should correctly set the className","location":null,"status":"passed","title":"Should correctly set the className"},{"ancestorTitles":["<Spinner />"],"failureMessages":[],"fullName":"<Spinner /> Should have 12 spinner bars","location":null,"status":"passed","title":"Should have 12 spinner bars"},{"ancestorTitles":["<Spinner />"],"failureMessages":[],"fullName":"<Spinner /> Should be able to render as a large spinner","location":null,"status":"passed","title":"Should be able to render as a large spinner"}],"endTime":1559142390461,"message":"","name":"/Users/enzo/repositories/viaa/avo2-components/src/components/Spinner/Spinner.test.tsx","startTime":1559142388499,"status":"passed","summary":""},{"assertionResults":[{"ancestorTitles":["<Grid />"],"failureMessages":[],"fullName":"<Grid /> Should be able to render","location":null,"status":"passed","title":"Should be able to render"},{"ancestorTitles":["<Grid />"],"failureMessages":[],"fullName":"<Grid /> Should correctly set the className","location":null,"status":"passed","title":"Should correctly set the className"},{"ancestorTitles":["<Grid />"],"failureMessages":[],"fullName":"<Grid /> Should correctly pass children","location":null,"status":"passed","title":"Should correctly pass children"}],"endTime":1559142390479,"message":"","name":"/Users/enzo/repositories/viaa/avo2-components/src/components/Grid/Grid.test.tsx","startTime":1559142388498,"status":"passed","summary":""},{"assertionResults":[{"ancestorTitles":["<Avatar />"],"failureMessages":[],"fullName":"<Avatar /> Should be able to render","location":null,"status":"passed","title":"Should be able to render"},{"ancestorTitles":["<Avatar />"],"failureMessages":[],"fullName":"<Avatar /> Should correctly render the name","location":null,"status":"passed","title":"Should correctly render the name"},{"ancestorTitles":["<Avatar />"],"failureMessages":[],"fullName":"<Avatar /> Should correctly render the title","location":null,"status":"passed","title":"Should correctly render the title"},{"ancestorTitles":["<Avatar />"],"failureMessages":[],"fullName":"<Avatar /> Should correctly render a combination of the name & title","location":null,"status":"passed","title":"Should correctly render a combination of the name & title"},{"ancestorTitles":["<Avatar />"],"failureMessages":[],"fullName":"<Avatar /> Should render only the icon when no name or title was passed","location":null,"status":"passed","title":"Should render only the icon when no name or title was passed"},{"ancestorTitles":["<Avatar />"],"failureMessages":[],"fullName":"<Avatar /> Should correctly pass the necessary props to <AvatarIcon />","location":null,"status":"passed","title":"Should correctly pass the necessary props to <AvatarIcon />"}],"endTime":1559142390499,"message":"","name":"/Users/enzo/repositories/viaa/avo2-components/src/components/Avatar/Avatar.test.tsx","startTime":1559142388497,"status":"passed","summary":""},{"assertionResults":[{"ancestorTitles":["<Blankslate />"],"failureMessages":[],"fullName":"<Blankslate /> Should be able to render","location":null,"status":"passed","title":"Should be able to render"},{"ancestorTitles":["<Blankslate />"],"failureMessages":[],"fullName":"<Blankslate /> Should set the correct className","location":null,"status":"passed","title":"Should set the correct className"},{"ancestorTitles":["<Blankslate />"],"failureMessages":[],"fullName":"<Blankslate /> Should set the correct className when in spacious mode","location":null,"status":"passed","title":"Should set the correct className when in spacious mode"},{"ancestorTitles":["<Blankslate />"],"failureMessages":[],"fullName":"<Blankslate /> Should render the title correctly","location":null,"status":"passed","title":"Should render the title correctly"},{"ancestorTitles":["<Blankslate />"],"failureMessages":[],"fullName":"<Blankslate /> Should render the body correctly","location":null,"status":"passed","title":"Should render the body correctly"},{"ancestorTitles":["<Blankslate />"],"failureMessages":[],"fullName":"<Blankslate /> Should be able to render an icon","location":null,"status":"passed","title":"Should be able to render an icon"},{"ancestorTitles":["<Blankslate />"],"failureMessages":[],"fullName":"<Blankslate /> Should correctly pass children","location":null,"status":"passed","title":"Should correctly pass children"}],"endTime":1559142390892,"message":"","name":"/Users/enzo/repositories/viaa/avo2-components/src/components/Blankslate/Blankslate.test.tsx","startTime":1559142388498,"status":"passed","summary":""},{"assertionResults":[{"ancestorTitles":["<Icon />"],"failureMessages":[],"fullName":"<Icon /> Should render when a known icon is passed","location":null,"status":"passed","title":"Should render when a known icon is passed"},{"ancestorTitles":["<Icon />"],"failureMessages":[],"fullName":"<Icon /> Should not render when an unknown icon is passed","location":null,"status":"passed","title":"Should not render when an unknown icon is passed"},{"ancestorTitles":["<Icon />"],"failureMessages":[],"fullName":"<Icon /> Should render icon when name was passed as PascalCase","location":null,"status":"passed","title":"Should render icon when name was passed as PascalCase"},{"ancestorTitles":["<Icon />"],"failureMessages":[],"fullName":"<Icon /> Should render icon when name was passed as kebab-case","location":null,"status":"passed","title":"Should render icon when name was passed as kebab-case"},{"ancestorTitles":["<Icon />"],"failureMessages":[],"fullName":"<Icon /> Should correctly set the className without type","location":null,"status":"passed","title":"Should correctly set the className without type"},{"ancestorTitles":["<Icon />"],"failureMessages":[],"fullName":"<Icon /> Should correctly set the className with type","location":null,"status":"passed","title":"Should correctly set the className with type"},{"ancestorTitles":["<Icon />"],"failureMessages":[],"fullName":"<Icon /> Should correctly set the sizing className","location":null,"status":"passed","title":"Should correctly set the sizing className"}],"endTime":1559142390944,"message":"","name":"/Users/enzo/repositories/viaa/avo2-components/src/components/Icon/Icon.test.tsx","startTime":1559142388501,"status":"passed","summary":""},{"assertionResults":[{"ancestorTitles":["<Badge />"],"failureMessages":[],"fullName":"<Badge /> Should be able to render","location":null,"status":"passed","title":"Should be able to render"},{"ancestorTitles":["<Badge />"],"failureMessages":[],"fullName":"<Badge /> Should set the correct className","location":null,"status":"passed","title":"Should set the correct className"},{"ancestorTitles":["<Badge />"],"failureMessages":[],"fullName":"<Badge /> Should set the correct className for every type","location":null,"status":"passed","title":"Should set the correct className for every type"},{"ancestorTitles":["<Badge />"],"failureMessages":[],"fullName":"<Badge /> Should render the text correctly","location":null,"status":"passed","title":"Should render the text correctly"}],"endTime":1559142391317,"message":"","name":"/Users/enzo/repositories/viaa/avo2-components/src/components/Badge/Badge.test.tsx","startTime":1559142390453,"status":"passed","summary":""},{"assertionResults":[{"ancestorTitles":["<Container />"],"failureMessages":[],"fullName":"<Container /> Should be able to render","location":null,"status":"passed","title":"Should be able to render"},{"ancestorTitles":["<Container />"],"failureMessages":[],"fullName":"<Container /> Should set the correct classNames when in horizontal mode","location":null,"status":"passed","title":"Should set the correct classNames when in horizontal mode"},{"ancestorTitles":["<Container />"],"failureMessages":[],"fullName":"<Container /> Should set the correct classNames when passing `size` in horizontal mode","location":null,"status":"passed","title":"Should set the correct classNames when passing `size` in horizontal mode"},{"ancestorTitles":["<Container />"],"failureMessages":[],"fullName":"<Container /> Should set the correct classNames when in vertical mode","location":null,"status":"passed","title":"Should set the correct classNames when in vertical mode"},{"ancestorTitles":["<Container />"],"failureMessages":[],"fullName":"<Container /> Should set the correct classNames when passing `size` in vertical mode","location":null,"status":"passed","title":"Should set the correct classNames when passing `size` in vertical mode"},{"ancestorTitles":["<Container />"],"failureMessages":[],"fullName":"<Container /> Should be able to have an `alt` background","location":null,"status":"passed","title":"Should be able to have an `alt` background"},{"ancestorTitles":["<Container />"],"failureMessages":[],"fullName":"<Container /> Should be able to have an `inverse` background","location":null,"status":"passed","title":"Should be able to have an `inverse` background"},{"ancestorTitles":["<Container />"],"failureMessages":[],"fullName":"<Container /> Should be able to be rendered with a bottom border","location":null,"status":"passed","title":"Should be able to be rendered with a bottom border"},{"ancestorTitles":["<Container />"],"failureMessages":[],"fullName":"<Container /> Should correctly pass children","location":null,"status":"passed","title":"Should correctly pass children"}],"endTime":1559142391355,"message":"","name":"/Users/enzo/repositories/viaa/avo2-components/src/components/Container/Container.test.tsx","startTime":1559142390466,"status":"passed","summary":""}],"wasInterrupted":false}