{"numFailedTestSuites":0,"numFailedTests":0,"numPassedTestSuites":1,"numPassedTests":5,"numPendingTestSuites":0,"numPendingTests":0,"numRuntimeErrorTestSuites":0,"numTodoTests":0,"numTotalTestSuites":1,"numTotalTests":5,"openHandles":[],"snapshot":{"added":0,"didUpdate":false,"failure":false,"filesAdded":0,"filesRemoved":0,"filesUnmatched":0,"filesUpdated":0,"matched":0,"total":0,"unchecked":0,"uncheckedKeysByFile":[],"unmatched":0,"updated":0},"startTime":1570805270801,"success":true,"testResults":[{"assertionResults":[{"ancestorTitles":["<KeyValueEditor />"],"failureMessages":[],"fullName":"<KeyValueEditor /> Should be able to render with data array","location":null,"status":"passed","title":"Should be able to render with data array"},{"ancestorTitles":["<KeyValueEditor />"],"failureMessages":[],"fullName":"<KeyValueEditor /> Should be able to render with data object","location":null,"status":"passed","title":"Should be able to render with data object"},{"ancestorTitles":["<KeyValueEditor />"],"failureMessages":[],"fullName":"<KeyValueEditor /> Should set the correct className","location":null,"status":"passed","title":"Should set the correct className"},{"ancestorTitles":["<KeyValueEditor />"],"failureMessages":[],"fullName":"<KeyValueEditor /> Should be able to set the readonly state","location":null,"status":"passed","title":"Should be able to set the readonly state"},{"ancestorTitles":["<KeyValueEditor />"],"failureMessages":[],"fullName":"<KeyValueEditor /> Should call the onChange handler when an input triggers an onBlur event","location":null,"status":"passed","title":"Should call the onChange handler when an input triggers an onBlur event"}],"endTime":1570805275532,"message":"","name":"C:\\Users\\bert\\Documents\\studiohyperdrive\\repos\\avo2-components\\src\\components\\KeyValueEditor\\KeyValueEditor.test.tsx","startTime":1570805271794,"status":"passed","summary":""}],"wasInterrupted":false}