{"numFailedTestSuites":1,"numFailedTests":3,"numPassedTestSuites":10,"numPassedTests":65,"numPendingTestSuites":0,"numPendingTests":0,"numRuntimeErrorTestSuites":0,"numTodoTests":0,"numTotalTestSuites":11,"numTotalTests":68,"openHandles":[],"snapshot":{"added":0,"didUpdate":false,"failure":false,"filesAdded":0,"filesRemoved":0,"filesUnmatched":0,"filesUpdated":0,"matched":0,"total":0,"unchecked":0,"uncheckedKeysByFile":[],"unmatched":0,"updated":0},"startTime":1559637776098,"success":false,"testResults":[{"assertionResults":[{"ancestorTitles":["<AvatarIcon />"],"failureMessages":[],"fullName":"<AvatarIcon /> Should be able to render","location":null,"status":"passed","title":"Should be able to render"},{"ancestorTitles":["<AvatarIcon />"],"failureMessages":[],"fullName":"<AvatarIcon /> Should correctly set the className","location":null,"status":"passed","title":"Should correctly set the className"},{"ancestorTitles":["<AvatarIcon />"],"failureMessages":[],"fullName":"<AvatarIcon /> Should correctly render the initials","location":null,"status":"passed","title":"Should correctly render the initials"},{"ancestorTitles":["<AvatarIcon />"],"failureMessages":[],"fullName":"<AvatarIcon /> Should be able to render as a small avatar","location":null,"status":"passed","title":"Should be able to render as a small avatar"},{"ancestorTitles":["<AvatarIcon />"],"failureMessages":[],"fullName":"<AvatarIcon /> Should be able to render an image as the avatar","location":null,"status":"passed","title":"Should be able to render an image as the avatar"}],"endTime":1559637781920,"message":"","name":"C:\\Users\\bert\\Documents\\studiohyperdrive\\repos\\avo2-components\\src\\components\\Avatar\\AvatarIcon.test.tsx","startTime":1559637778323,"status":"passed","summary":""},{"assertionResults":[{"ancestorTitles":["<Grid />"],"failureMessages":[],"fullName":"<Grid /> Should be able to render","location":null,"status":"passed","title":"Should be able to render"},{"ancestorTitles":["<Grid />"],"failureMessages":[],"fullName":"<Grid /> Should correctly set the className","location":null,"status":"passed","title":"Should correctly set the className"},{"ancestorTitles":["<Grid />"],"failureMessages":[],"fullName":"<Grid /> Should correctly pass children","location":null,"status":"passed","title":"Should correctly pass children"}],"endTime":1559637781928,"message":"","name":"C:\\Users\\bert\\Documents\\studiohyperdrive\\repos\\avo2-components\\src\\components\\Grid\\Grid.test.tsx","startTime":1559637778294,"status":"passed","summary":""},{"assertionResults":[{"ancestorTitles":["<Spinner />"],"failureMessages":[],"fullName":"<Spinner /> Should be able to render","location":null,"status":"passed","title":"Should be able to render"},{"ancestorTitles":["<Spinner />"],"failureMessages":[],"fullName":"<Spinner /> Should correctly set the className","location":null,"status":"passed","title":"Should correctly set the className"},{"ancestorTitles":["<Spinner />"],"failureMessages":[],"fullName":"<Spinner /> Should have 12 spinner bars","location":null,"status":"passed","title":"Should have 12 spinner bars"},{"ancestorTitles":["<Spinner />"],"failureMessages":[],"fullName":"<Spinner /> Should be able to render as a large spinner","location":null,"status":"passed","title":"Should be able to render as a large spinner"}],"endTime":1559637781995,"message":"","name":"C:\\Users\\bert\\Documents\\studiohyperdrive\\repos\\avo2-components\\src\\components\\Spinner\\Spinner.test.tsx","startTime":1559637778386,"status":"passed","summary":""},{"assertionResults":[{"ancestorTitles":["<Column />"],"failureMessages":[],"fullName":"<Column /> Should be able to render","location":null,"status":"passed","title":"Should be able to render"},{"ancestorTitles":["<Column />"],"failureMessages":[],"fullName":"<Column /> Should correctly set the sizing className","location":null,"status":"passed","title":"Should correctly set the sizing className"},{"ancestorTitles":["<Column />"],"failureMessages":[],"fullName":"<Column /> Should correctly pass children","location":null,"status":"passed","title":"Should correctly pass children"}],"endTime":1559637782019,"message":"","name":"C:\\Users\\bert\\Documents\\studiohyperdrive\\repos\\avo2-components\\src\\components\\Grid\\Column.test.tsx","startTime":1559637778402,"status":"passed","summary":""},{"assertionResults":[{"ancestorTitles":["<Badge />"],"failureMessages":[],"fullName":"<Badge /> Should be able to render","location":null,"status":"passed","title":"Should be able to render"},{"ancestorTitles":["<Badge />"],"failureMessages":[],"fullName":"<Badge /> Should set the correct className","location":null,"status":"passed","title":"Should set the correct className"},{"ancestorTitles":["<Badge />"],"failureMessages":[],"fullName":"<Badge /> Should set the correct className for every type","location":null,"status":"passed","title":"Should set the correct className for every type"},{"ancestorTitles":["<Badge />"],"failureMessages":[],"fullName":"<Badge /> Should render the text correctly","location":null,"status":"passed","title":"Should render the text correctly"}],"endTime":1559637782035,"message":"","name":"C:\\Users\\bert\\Documents\\studiohyperdrive\\repos\\avo2-components\\src\\components\\Badge\\Badge.test.tsx","startTime":1559637778428,"status":"passed","summary":""},{"assertionResults":[{"ancestorTitles":["<Avatar />"],"failureMessages":[],"fullName":"<Avatar /> Should be able to render","location":null,"status":"passed","title":"Should be able to render"},{"ancestorTitles":["<Avatar />"],"failureMessages":[],"fullName":"<Avatar /> Should correctly render the name","location":null,"status":"passed","title":"Should correctly render the name"},{"ancestorTitles":["<Avatar />"],"failureMessages":[],"fullName":"<Avatar /> Should correctly render the title","location":null,"status":"passed","title":"Should correctly render the title"},{"ancestorTitles":["<Avatar />"],"failureMessages":[],"fullName":"<Avatar /> Should correctly render a combination of the name & title","location":null,"status":"passed","title":"Should correctly render a combination of the name & title"},{"ancestorTitles":["<Avatar />"],"failureMessages":[],"fullName":"<Avatar /> Should render only the icon when no name or title was passed","location":null,"status":"passed","title":"Should render only the icon when no name or title was passed"},{"ancestorTitles":["<Avatar />"],"failureMessages":[],"fullName":"<Avatar /> Should correctly pass the necessary props to <AvatarIcon />","location":null,"status":"passed","title":"Should correctly pass the necessary props to <AvatarIcon />"}],"endTime":1559637782058,"message":"","name":"C:\\Users\\bert\\Documents\\studiohyperdrive\\repos\\avo2-components\\src\\components\\Avatar\\Avatar.test.tsx","startTime":1559637778386,"status":"passed","summary":""},{"assertionResults":[{"ancestorTitles":["<Container />"],"failureMessages":[],"fullName":"<Container /> Should be able to render","location":null,"status":"passed","title":"Should be able to render"},{"ancestorTitles":["<Container />"],"failureMessages":[],"fullName":"<Container /> Should set the correct classNames when in horizontal mode","location":null,"status":"passed","title":"Should set the correct classNames when in horizontal mode"},{"ancestorTitles":["<Container />"],"failureMessages":[],"fullName":"<Container /> Should set the correct classNames when passing `size` in horizontal mode","location":null,"status":"passed","title":"Should set the correct classNames when passing `size` in horizontal mode"},{"ancestorTitles":["<Container />"],"failureMessages":[],"fullName":"<Container /> Should set the correct classNames when in vertical mode","location":null,"status":"passed","title":"Should set the correct classNames when in vertical mode"},{"ancestorTitles":["<Container />"],"failureMessages":[],"fullName":"<Container /> Should set the correct classNames when passing `size` in vertical mode","location":null,"status":"passed","title":"Should set the correct classNames when passing `size` in vertical mode"},{"ancestorTitles":["<Container />"],"failureMessages":[],"fullName":"<Container /> Should be able to have an `alt` background","location":null,"status":"passed","title":"Should be able to have an `alt` background"},{"ancestorTitles":["<Container />"],"failureMessages":[],"fullName":"<Container /> Should be able to have an `inverse` background","location":null,"status":"passed","title":"Should be able to have an `inverse` background"},{"ancestorTitles":["<Container />"],"failureMessages":[],"fullName":"<Container /> Should be able to be rendered with a bottom border","location":null,"status":"passed","title":"Should be able to be rendered with a bottom border"},{"ancestorTitles":["<Container />"],"failureMessages":[],"fullName":"<Container /> Should correctly pass children","location":null,"status":"passed","title":"Should correctly pass children"}],"endTime":1559637782114,"message":"","name":"C:\\Users\\bert\\Documents\\studiohyperdrive\\repos\\avo2-components\\src\\components\\Container\\Container.test.tsx","startTime":1559637778377,"status":"passed","summary":""},{"assertionResults":[{"ancestorTitles":["<Icon />"],"failureMessages":[],"fullName":"<Icon /> Should render when a known icon is passed","location":null,"status":"passed","title":"Should render when a known icon is passed"},{"ancestorTitles":["<Icon />"],"failureMessages":[],"fullName":"<Icon /> Should not render when an unknown icon is passed","location":null,"status":"passed","title":"Should not render when an unknown icon is passed"},{"ancestorTitles":["<Icon />"],"failureMessages":[],"fullName":"<Icon /> Should render icon when name was passed as PascalCase","location":null,"status":"passed","title":"Should render icon when name was passed as PascalCase"},{"ancestorTitles":["<Icon />"],"failureMessages":[],"fullName":"<Icon /> Should render icon when name was passed as kebab-case","location":null,"status":"passed","title":"Should render icon when name was passed as kebab-case"},{"ancestorTitles":["<Icon />"],"failureMessages":[],"fullName":"<Icon /> Should correctly set the className without type","location":null,"status":"passed","title":"Should correctly set the className without type"},{"ancestorTitles":["<Icon />"],"failureMessages":[],"fullName":"<Icon /> Should correctly set the className with type","location":null,"status":"passed","title":"Should correctly set the className with type"},{"ancestorTitles":["<Icon />"],"failureMessages":[],"fullName":"<Icon /> Should correctly set the sizing className","location":null,"status":"passed","title":"Should correctly set the sizing className"}],"endTime":1559637782584,"message":"","name":"C:\\Users\\bert\\Documents\\studiohyperdrive\\repos\\avo2-components\\src\\components\\Icon\\Icon.test.tsx","startTime":1559637778315,"status":"passed","summary":""},{"assertionResults":[{"ancestorTitles":["<Blankslate />"],"failureMessages":[],"fullName":"<Blankslate /> Should be able to render","location":null,"status":"passed","title":"Should be able to render"},{"ancestorTitles":["<Blankslate />"],"failureMessages":[],"fullName":"<Blankslate /> Should set the correct className","location":null,"status":"passed","title":"Should set the correct className"},{"ancestorTitles":["<Blankslate />"],"failureMessages":[],"fullName":"<Blankslate /> Should set the correct className when in spacious mode","location":null,"status":"passed","title":"Should set the correct className when in spacious mode"},{"ancestorTitles":["<Blankslate />"],"failureMessages":[],"fullName":"<Blankslate /> Should render the title correctly","location":null,"status":"passed","title":"Should render the title correctly"},{"ancestorTitles":["<Blankslate />"],"failureMessages":[],"fullName":"<Blankslate /> Should render the body correctly","location":null,"status":"passed","title":"Should render the body correctly"},{"ancestorTitles":["<Blankslate />"],"failureMessages":[],"fullName":"<Blankslate /> Should be able to render an icon","location":null,"status":"passed","title":"Should be able to render an icon"},{"ancestorTitles":["<Blankslate />"],"failureMessages":[],"fullName":"<Blankslate /> Should correctly pass children","location":null,"status":"passed","title":"Should correctly pass children"}],"endTime":1559637782591,"message":"","name":"C:\\Users\\bert\\Documents\\studiohyperdrive\\repos\\avo2-components\\src\\components\\Blankslate\\Blankslate.test.tsx","startTime":1559637778337,"status":"passed","summary":""},{"assertionResults":[{"ancestorTitles":["<Button />"],"failureMessages":[],"fullName":"<Button /> Should be able to render","location":null,"status":"passed","title":"Should be able to render"},{"ancestorTitles":["<Button />"],"failureMessages":[],"fullName":"<Button /> Should set the correct className","location":null,"status":"passed","title":"Should set the correct className"},{"ancestorTitles":["<Button />"],"failureMessages":[],"fullName":"<Button /> Should set the correct size className","location":null,"status":"passed","title":"Should set the correct size className"},{"ancestorTitles":["<Button />"],"failureMessages":[],"fullName":"<Button /> Should set the correct type className","location":null,"status":"passed","title":"Should set the correct type className"},{"ancestorTitles":["<Button />"],"failureMessages":[],"fullName":"<Button /> Should be able to render a label","location":null,"status":"passed","title":"Should be able to render a label"},{"ancestorTitles":["<Button />"],"failureMessages":[],"fullName":"<Button /> Should not to render a label when none is passed","location":null,"status":"passed","title":"Should not to render a label when none is passed"},{"ancestorTitles":["<Button />"],"failureMessages":[],"fullName":"<Button /> Should be able to render a label and an icon","location":null,"status":"passed","title":"Should be able to render a label and an icon"},{"ancestorTitles":["<Button />"],"failureMessages":[],"fullName":"<Button /> Should get a special className when only an icon is passed","location":null,"status":"passed","title":"Should get a special className when only an icon is passed"},{"ancestorTitles":["<Button />"],"failureMessages":[],"fullName":"<Button /> Should be able to render an arrow at the end of the button","location":null,"status":"passed","title":"Should be able to render an arrow at the end of the button"},{"ancestorTitles":["<Button />"],"failureMessages":[],"fullName":"<Button /> Should call the `onClick`-handler when clicked","location":null,"status":"passed","title":"Should call the `onClick`-handler when clicked"},{"ancestorTitles":["<Button />"],"failureMessages":[],"fullName":"<Button /> Should pass on the `disabled`-attribute","location":null,"status":"passed","title":"Should pass on the `disabled`-attribute"}],"endTime":1559637782603,"message":"","name":"C:\\Users\\bert\\Documents\\studiohyperdrive\\repos\\avo2-components\\src\\components\\Button\\Button.test.tsx","startTime":1559637778316,"status":"passed","summary":""},{"assertionResults":[{"ancestorTitles":["<Checkbox />"],"failureMessages":[],"fullName":"<Checkbox /> Should be able to render","location":null,"status":"passed","title":"Should be able to render"},{"ancestorTitles":["<Checkbox />"],"failureMessages":[],"fullName":"<Checkbox /> Should set the correct className","location":null,"status":"passed","title":"Should set the correct className"},{"ancestorTitles":["<Checkbox />"],"failureMessages":["Error: \u001b[2mexpect(\u001b[22m\u001b[31mreceived\u001b[39m\u001b[2m).\u001b[22mtoEqual\u001b[2m(\u001b[22m\u001b[32mexpected\u001b[39m\u001b[2m) // deep equality\u001b[22m\n\nExpected: \u001b[32m\"one\"\u001b[39m\nReceived: \u001b[31mundefined\u001b[39m\n    at Object.toEqual (C:\\Users\\bert\\Documents\\studiohyperdrive\\repos\\avo2-components\\src\\components\\Checkbox\\Checkbox.test.tsx:18:40)\n    at Object.asyncJestTest (C:\\Users\\bert\\Documents\\studiohyperdrive\\repos\\avo2-components\\node_modules\\jest-jasmine2\\build\\jasmineAsyncInstall.js:102:37)\n    at resolve (C:\\Users\\bert\\Documents\\studiohyperdrive\\repos\\avo2-components\\node_modules\\jest-jasmine2\\build\\queueRunner.js:43:12)\n    at new Promise (<anonymous>)\n    at mapper (C:\\Users\\bert\\Documents\\studiohyperdrive\\repos\\avo2-components\\node_modules\\jest-jasmine2\\build\\queueRunner.js:26:19)\n    at promise.then (C:\\Users\\bert\\Documents\\studiohyperdrive\\repos\\avo2-components\\node_modules\\jest-jasmine2\\build\\queueRunner.js:73:41)\n    at process._tickCallback (internal/process/next_tick.js:68:7)"],"fullName":"<Checkbox /> Should be able to render with id correctly set","location":null,"status":"failed","title":"Should be able to render with id correctly set"},{"ancestorTitles":["<Checkbox />"],"failureMessages":["Error: \u001b[2mexpect(\u001b[22m\u001b[31mreceived\u001b[39m\u001b[2m).\u001b[22mtoEqual\u001b[2m(\u001b[22m\u001b[32mexpected\u001b[39m\u001b[2m) // deep equality\u001b[22m\n\nExpected: \u001b[32m\"One\"\u001b[39m\nReceived: \u001b[31mundefined\u001b[39m\n    at Object.toEqual (C:\\Users\\bert\\Documents\\studiohyperdrive\\repos\\avo2-components\\src\\components\\Checkbox\\Checkbox.test.tsx:23:43)\n    at Object.asyncJestTest (C:\\Users\\bert\\Documents\\studiohyperdrive\\repos\\avo2-components\\node_modules\\jest-jasmine2\\build\\jasmineAsyncInstall.js:102:37)\n    at resolve (C:\\Users\\bert\\Documents\\studiohyperdrive\\repos\\avo2-components\\node_modules\\jest-jasmine2\\build\\queueRunner.js:43:12)\n    at new Promise (<anonymous>)\n    at mapper (C:\\Users\\bert\\Documents\\studiohyperdrive\\repos\\avo2-components\\node_modules\\jest-jasmine2\\build\\queueRunner.js:26:19)\n    at promise.then (C:\\Users\\bert\\Documents\\studiohyperdrive\\repos\\avo2-components\\node_modules\\jest-jasmine2\\build\\queueRunner.js:73:41)\n    at process._tickCallback (internal/process/next_tick.js:68:7)"],"fullName":"<Checkbox /> Should be able to render with label correctly set","location":null,"status":"failed","title":"Should be able to render with label correctly set"},{"ancestorTitles":["<Checkbox />"],"failureMessages":["Error: \u001b[2mexpect(\u001b[22m\u001b[31mreceived\u001b[39m\u001b[2m).\u001b[22mtoEqual\u001b[2m(\u001b[22m\u001b[32mexpected\u001b[39m\u001b[2m) // deep equality\u001b[22m\n\nExpected: \u001b[32m\"One\"\u001b[39m\nReceived: \u001b[31mundefined\u001b[39m\n    at Object.toEqual (C:\\Users\\bert\\Documents\\studiohyperdrive\\repos\\avo2-components\\src\\components\\Checkbox\\Checkbox.test.tsx:28:40)\n    at Object.asyncJestTest (C:\\Users\\bert\\Documents\\studiohyperdrive\\repos\\avo2-components\\node_modules\\jest-jasmine2\\build\\jasmineAsyncInstall.js:102:37)\n    at resolve (C:\\Users\\bert\\Documents\\studiohyperdrive\\repos\\avo2-components\\node_modules\\jest-jasmine2\\build\\queueRunner.js:43:12)\n    at new Promise (<anonymous>)\n    at mapper (C:\\Users\\bert\\Documents\\studiohyperdrive\\repos\\avo2-components\\node_modules\\jest-jasmine2\\build\\queueRunner.js:26:19)\n    at promise.then (C:\\Users\\bert\\Documents\\studiohyperdrive\\repos\\avo2-components\\node_modules\\jest-jasmine2\\build\\queueRunner.js:73:41)\n    at process._tickCallback (internal/process/next_tick.js:68:7)"],"fullName":"<Checkbox /> Should be able to render with correct fallback id to label","location":null,"status":"failed","title":"Should be able to render with correct fallback id to label"},{"ancestorTitles":["<Checkbox />"],"failureMessages":[],"fullName":"<Checkbox /> Should be able to render with checked=true option","location":null,"status":"passed","title":"Should be able to render with checked=true option"},{"ancestorTitles":["<Checkbox />"],"failureMessages":[],"fullName":"<Checkbox /> Should be able to render with checked=false option","location":null,"status":"passed","title":"Should be able to render with checked=false option"},{"ancestorTitles":["<Checkbox />"],"failureMessages":[],"fullName":"<Checkbox /> Should be able to render without checked option","location":null,"status":"passed","title":"Should be able to render without checked option"},{"ancestorTitles":["<Checkbox />"],"failureMessages":[],"fullName":"<Checkbox /> Should call `onChanged` when toggling checkbox","location":null,"status":"passed","title":"Should call `onChanged` when toggling checkbox"}],"endTime":1559637782689,"message":"\u001b[1m\u001b[31m  \u001b[1m● \u001b[1m<Checkbox /> › Should be able to render with id correctly set\u001b[39m\u001b[22m\n\n    \u001b[2mexpect(\u001b[22m\u001b[31mreceived\u001b[39m\u001b[2m).\u001b[22mtoEqual\u001b[2m(\u001b[22m\u001b[32mexpected\u001b[39m\u001b[2m) // deep equality\u001b[22m\n\n    Expected: \u001b[32m\"one\"\u001b[39m\n    Received: \u001b[31mundefined\u001b[39m\n\u001b[2m\u001b[22m\n\u001b[2m    \u001b[0m \u001b[90m 16 | \u001b[39m\tit(\u001b[32m'Should be able to render with id correctly set'\u001b[39m\u001b[33m,\u001b[39m () \u001b[33m=>\u001b[39m {\u001b[0m\u001b[22m\n\u001b[2m    \u001b[0m \u001b[90m 17 | \u001b[39m\t\t\u001b[36mconst\u001b[39m checkboxComponent \u001b[33m=\u001b[39m shallow(\u001b[33m<\u001b[39m\u001b[33mCheckbox\u001b[39m label\u001b[33m=\u001b[39m\u001b[32m\"One\"\u001b[39m id\u001b[33m=\u001b[39m\u001b[32m\"one\"\u001b[39m \u001b[33m/\u001b[39m\u001b[33m>\u001b[39m)\u001b[33m;\u001b[39m\u001b[0m\u001b[22m\n\u001b[2m    \u001b[0m\u001b[31m\u001b[1m>\u001b[2m\u001b[39m\u001b[90m 18 | \u001b[39m\t\texpect(checkboxComponent\u001b[33m.\u001b[39mprop(\u001b[32m'id'\u001b[39m))\u001b[33m.\u001b[39mtoEqual(\u001b[32m'one'\u001b[39m)\u001b[33m;\u001b[39m\u001b[0m\u001b[22m\n\u001b[2m    \u001b[0m \u001b[90m    | \u001b[39m\t\t                                     \u001b[31m\u001b[1m^\u001b[2m\u001b[39m\u001b[0m\u001b[22m\n\u001b[2m    \u001b[0m \u001b[90m 19 | \u001b[39m\t})\u001b[33m;\u001b[39m\u001b[0m\u001b[22m\n\u001b[2m    \u001b[0m \u001b[90m 20 | \u001b[39m\u001b[0m\u001b[22m\n\u001b[2m    \u001b[0m \u001b[90m 21 | \u001b[39m\tit(\u001b[32m'Should be able to render with label correctly set'\u001b[39m\u001b[33m,\u001b[39m () \u001b[33m=>\u001b[39m {\u001b[0m\u001b[22m\n\u001b[2m\u001b[22m\n\u001b[2m      \u001b[2mat Object.toEqual (\u001b[2m\u001b[0m\u001b[36msrc/components/Checkbox/Checkbox.test.tsx\u001b[39m\u001b[0m\u001b[2m:18:40)\u001b[2m\u001b[22m\n\n\u001b[1m\u001b[31m  \u001b[1m● \u001b[1m<Checkbox /> › Should be able to render with label correctly set\u001b[39m\u001b[22m\n\n    \u001b[2mexpect(\u001b[22m\u001b[31mreceived\u001b[39m\u001b[2m).\u001b[22mtoEqual\u001b[2m(\u001b[22m\u001b[32mexpected\u001b[39m\u001b[2m) // deep equality\u001b[22m\n\n    Expected: \u001b[32m\"One\"\u001b[39m\n    Received: \u001b[31mundefined\u001b[39m\n\u001b[2m\u001b[22m\n\u001b[2m    \u001b[0m \u001b[90m 21 | \u001b[39m\tit(\u001b[32m'Should be able to render with label correctly set'\u001b[39m\u001b[33m,\u001b[39m () \u001b[33m=>\u001b[39m {\u001b[0m\u001b[22m\n\u001b[2m    \u001b[0m \u001b[90m 22 | \u001b[39m\t\t\u001b[36mconst\u001b[39m checkboxComponent \u001b[33m=\u001b[39m shallow(\u001b[33m<\u001b[39m\u001b[33mCheckbox\u001b[39m label\u001b[33m=\u001b[39m\u001b[32m\"One\"\u001b[39m id\u001b[33m=\u001b[39m\u001b[32m\"one\"\u001b[39m \u001b[33m/\u001b[39m\u001b[33m>\u001b[39m)\u001b[33m;\u001b[39m\u001b[0m\u001b[22m\n\u001b[2m    \u001b[0m\u001b[31m\u001b[1m>\u001b[2m\u001b[39m\u001b[90m 23 | \u001b[39m\t\texpect(checkboxComponent\u001b[33m.\u001b[39mprop(\u001b[32m'label'\u001b[39m))\u001b[33m.\u001b[39mtoEqual(\u001b[32m'One'\u001b[39m)\u001b[33m;\u001b[39m\u001b[0m\u001b[22m\n\u001b[2m    \u001b[0m \u001b[90m    | \u001b[39m\t\t                                        \u001b[31m\u001b[1m^\u001b[2m\u001b[39m\u001b[0m\u001b[22m\n\u001b[2m    \u001b[0m \u001b[90m 24 | \u001b[39m\t})\u001b[33m;\u001b[39m\u001b[0m\u001b[22m\n\u001b[2m    \u001b[0m \u001b[90m 25 | \u001b[39m\u001b[0m\u001b[22m\n\u001b[2m    \u001b[0m \u001b[90m 26 | \u001b[39m\tit(\u001b[32m'Should be able to render with correct fallback id to label'\u001b[39m\u001b[33m,\u001b[39m () \u001b[33m=>\u001b[39m {\u001b[0m\u001b[22m\n\u001b[2m\u001b[22m\n\u001b[2m      \u001b[2mat Object.toEqual (\u001b[2m\u001b[0m\u001b[36msrc/components/Checkbox/Checkbox.test.tsx\u001b[39m\u001b[0m\u001b[2m:23:43)\u001b[2m\u001b[22m\n\n\u001b[1m\u001b[31m  \u001b[1m● \u001b[1m<Checkbox /> › Should be able to render with correct fallback id to label\u001b[39m\u001b[22m\n\n    \u001b[2mexpect(\u001b[22m\u001b[31mreceived\u001b[39m\u001b[2m).\u001b[22mtoEqual\u001b[2m(\u001b[22m\u001b[32mexpected\u001b[39m\u001b[2m) // deep equality\u001b[22m\n\n    Expected: \u001b[32m\"One\"\u001b[39m\n    Received: \u001b[31mundefined\u001b[39m\n\u001b[2m\u001b[22m\n\u001b[2m    \u001b[0m \u001b[90m 26 | \u001b[39m\tit(\u001b[32m'Should be able to render with correct fallback id to label'\u001b[39m\u001b[33m,\u001b[39m () \u001b[33m=>\u001b[39m {\u001b[0m\u001b[22m\n\u001b[2m    \u001b[0m \u001b[90m 27 | \u001b[39m\t\t\u001b[36mconst\u001b[39m checkboxComponent \u001b[33m=\u001b[39m shallow(\u001b[33m<\u001b[39m\u001b[33mCheckbox\u001b[39m label\u001b[33m=\u001b[39m\u001b[32m\"One\"\u001b[39m \u001b[33m/\u001b[39m\u001b[33m>\u001b[39m)\u001b[33m;\u001b[39m\u001b[0m\u001b[22m\n\u001b[2m    \u001b[0m\u001b[31m\u001b[1m>\u001b[2m\u001b[39m\u001b[90m 28 | \u001b[39m\t\texpect(checkboxComponent\u001b[33m.\u001b[39mprop(\u001b[32m'id'\u001b[39m))\u001b[33m.\u001b[39mtoEqual(\u001b[32m'One'\u001b[39m)\u001b[33m;\u001b[39m\u001b[0m\u001b[22m\n\u001b[2m    \u001b[0m \u001b[90m    | \u001b[39m\t\t                                     \u001b[31m\u001b[1m^\u001b[2m\u001b[39m\u001b[0m\u001b[22m\n\u001b[2m    \u001b[0m \u001b[90m 29 | \u001b[39m\t})\u001b[33m;\u001b[39m\u001b[0m\u001b[22m\n\u001b[2m    \u001b[0m \u001b[90m 30 | \u001b[39m\u001b[0m\u001b[22m\n\u001b[2m    \u001b[0m \u001b[90m 31 | \u001b[39m\tit(\u001b[32m'Should be able to render with checked=true option'\u001b[39m\u001b[33m,\u001b[39m () \u001b[33m=>\u001b[39m {\u001b[0m\u001b[22m\n\u001b[2m\u001b[22m\n\u001b[2m      \u001b[2mat Object.toEqual (\u001b[2m\u001b[0m\u001b[36msrc/components/Checkbox/Checkbox.test.tsx\u001b[39m\u001b[0m\u001b[2m:28:40)\u001b[2m\u001b[22m\n","name":"C:\\Users\\bert\\Documents\\studiohyperdrive\\repos\\avo2-components\\src\\components\\Checkbox\\Checkbox.test.tsx","startTime":1559637778306,"status":"failed","summary":""}],"wasInterrupted":false}